<?xml version="1.0" encoding="UTF-8"?>
<testng-results skipped="0" failed="4" ignored="0" total="21" passed="17">
  <reporter-output>
    <line>
      <![CDATA[Logging appender is closed]]>
    </line>
    <line>
      <![CDATA[[INFO ] [2021-12-06 10:57:11,168] Login - Step 02: Input to email and passwork textbox
<br>]]>
    </line>
    <line>
      <![CDATA[[INFO ] [2021-12-06 10:57:11,389] Login - Step 03: Click to login button -> Navigate to HomePage
<br>]]>
    </line>
    <line>
      <![CDATA[[INFO ] [2021-12-06 10:57:12,881] Login - Step 04: Verify 'My Account' link is displayed
<br>]]>
    </line>
    <line>
      <![CDATA[[INFO ] [2021-12-06 10:57:12,981] CustomerIDFieldCannotBeEmpty - step 01: Click New Account link
<br>]]>
    </line>
    <line>
      <![CDATA[[INFO ] [2021-12-06 10:57:13,584] CustomerIDFieldCannotBeEmpty - step 02: focus out customer id textbox
<br>]]>
    </line>
    <line>
      <![CDATA[[INFO ] [2021-12-06 10:57:13,747] CustomerIDFieldCannotBeEmpty - step 03: Verify message
<br>]]>
    </line>
    <line>
      <![CDATA[[INFO ] [2021-12-06 10:57:13,784]  -------------------------- PASSED -------------------------- 
<br>]]>
    </line>
    <line>
      <![CDATA[[INFO ] [2021-12-06 10:57:13,863] CustomerIDFieldMustBeNumeric - step 01: Click New Account link
<br>]]>
    </line>
    <line>
      <![CDATA[[INFO ] [2021-12-06 10:57:14,014] CustomerIDFieldMustBeNumeric - step 02: focus out customer id textbox
<br>]]>
    </line>
    <line>
      <![CDATA[[INFO ] [2021-12-06 10:57:14,100] CustomerIDFieldMustBeNumeric - step 03: Verify message
<br>]]>
    </line>
    <line>
      <![CDATA[[INFO ] [2021-12-06 10:57:14,134]  -------------------------- PASSED -------------------------- 
<br>]]>
    </line>
    <line>
      <![CDATA[[INFO ] [2021-12-06 10:57:14,134] CustomerIDFieldMustBeNumeric - step 04: focus out customer id textbox
<br>]]>
    </line>
    <line>
      <![CDATA[[INFO ] [2021-12-06 10:57:14,195] CustomerIDFieldMustBeNumeric - step 05: Verify message
<br>]]>
    </line>
    <line>
      <![CDATA[[INFO ] [2021-12-06 10:57:14,223]  -------------------------- PASSED -------------------------- 
<br>]]>
    </line>
    <line>
      <![CDATA[[INFO ] [2021-12-06 10:57:14,228] CustomerIDFieldCannotHaveSpecialCharacter - step 01: Click New Account link
<br>]]>
    </line>
    <line>
      <![CDATA[[INFO ] [2021-12-06 10:57:14,380] CustomerIDFieldCannotHaveSpecialCharacter - step 02: focus out customer id textbox
<br>]]>
    </line>
    <line>
      <![CDATA[[INFO ] [2021-12-06 10:57:14,470] CustomerIDFieldCannotHaveSpecialCharacter - step 03: Verify message
<br>]]>
    </line>
    <line>
      <![CDATA[[INFO ] [2021-12-06 10:57:14,501]  -------------------------- PASSED -------------------------- 
<br>]]>
    </line>
    <line>
      <![CDATA[[INFO ] [2021-12-06 10:57:14,501] CustomerIDFieldCannotHaveSpecialCharacter - step 04: focus out customer id textbox
<br>]]>
    </line>
    <line>
      <![CDATA[[INFO ] [2021-12-06 10:57:14,561] CustomerIDFieldCannotHaveSpecialCharacter - step 05: Verify message
<br>]]>
    </line>
    <line>
      <![CDATA[[INFO ] [2021-12-06 10:57:14,586]  -------------------------- PASSED -------------------------- 
<br>]]>
    </line>
    <line>
      <![CDATA[[INFO ] [2021-12-06 10:57:14,589] CustomerIDFieldCannotHaveBlackSpace - step 01: Click New Account link
<br>]]>
    </line>
    <line>
      <![CDATA[[INFO ] [2021-12-06 10:57:14,744] CustomerIDFieldCannotHaveBlackSpace - step 02: focus out customer id textbox
<br>]]>
    </line>
    <line>
      <![CDATA[[INFO ] [2021-12-06 10:57:14,818] CustomerIDFieldCannotHaveBlackSpace - step 03: Verify message
<br>]]>
    </line>
    <line>
      <![CDATA[[INFO ] [2021-12-06 10:57:14,851]  -------------------------- PASSED -------------------------- 
<br>]]>
    </line>
    <line>
      <![CDATA[[INFO ] [2021-12-06 10:57:14,855] CustomerIDFieldCannotHaveBlackSpace - step 01: Click New Account link
<br>]]>
    </line>
    <line>
      <![CDATA[[INFO ] [2021-12-06 10:57:15,010] CustomerIDFieldCannotHaveBlackSpace - step 02: focus out customer id textbox
<br>]]>
    </line>
    <line>
      <![CDATA[[INFO ] [2021-12-06 10:57:15,085] CustomerIDFieldCannotHaveBlackSpace - step 03: Verify message
<br>]]>
    </line>
    <line>
      <![CDATA[[INFO ] [2021-12-06 10:57:15,118]  -------------------------- PASSED -------------------------- 
<br>]]>
    </line>
    <line>
      <![CDATA[[INFO ] [2021-12-06 10:57:15,122] DepositFieldCannotBeEmpty - step 01: Click New Account link
<br>]]>
    </line>
    <line>
      <![CDATA[[INFO ] [2021-12-06 10:57:15,332] DepositFieldCannotBeEmpty - step 02: focus out deposit textbox
<br>]]>
    </line>
    <line>
      <![CDATA[[INFO ] [2021-12-06 10:57:15,479] DepositFieldCannotBeEmpty - step 03: Verify message
<br>]]>
    </line>
    <line>
      <![CDATA[[INFO ] [2021-12-06 10:57:15,515]  -------------------------- PASSED -------------------------- 
<br>]]>
    </line>
    <line>
      <![CDATA[[INFO ] [2021-12-06 10:57:15,517] DepositFieldMustBeNumeric - step 01: Click New Account link
<br>]]>
    </line>
    <line>
      <![CDATA[[INFO ] [2021-12-06 10:57:15,679] DepositFieldMustBeNumeric - step 02: focus out deposit textbox
<br>]]>
    </line>
    <line>
      <![CDATA[[INFO ] [2021-12-06 10:57:15,763] DepositFieldMustBeNumeric - step 03: Verify message
<br>]]>
    </line>
    <line>
      <![CDATA[[INFO ] [2021-12-06 10:57:15,797]  -------------------------- PASSED -------------------------- 
<br>]]>
    </line>
    <line>
      <![CDATA[[INFO ] [2021-12-06 10:57:15,797] DepositFieldMustBeNumeric - step 04: focus out deposit textbox
<br>]]>
    </line>
    <line>
      <![CDATA[[INFO ] [2021-12-06 10:57:15,866] DepositFieldMustBeNumeric - step 05: Verify message
<br>]]>
    </line>
    <line>
      <![CDATA[[INFO ] [2021-12-06 10:57:15,894]  -------------------------- PASSED -------------------------- 
<br>]]>
    </line>
    <line>
      <![CDATA[[INFO ] [2021-12-06 10:57:15,896] DepositFieldCannotHaveSpecialCharacter - step 01: Click New Account link
<br>]]>
    </line>
    <line>
      <![CDATA[[INFO ] [2021-12-06 10:57:16,052] DepositFieldCannotHaveSpecialCharacter - step 02: focus out deposit textbox
<br>]]>
    </line>
    <line>
      <![CDATA[[INFO ] [2021-12-06 10:57:16,134] DepositFieldCannotHaveSpecialCharacter - step 03: Verify message
<br>]]>
    </line>
    <line>
      <![CDATA[[INFO ] [2021-12-06 10:57:16,166]  -------------------------- PASSED -------------------------- 
<br>]]>
    </line>
    <line>
      <![CDATA[[INFO ] [2021-12-06 10:57:16,166] DepositFieldCannotHaveSpecialCharacter - step 04: focus out deposit textbox
<br>]]>
    </line>
    <line>
      <![CDATA[[INFO ] [2021-12-06 10:57:16,227] DepositFieldCannotHaveSpecialCharacter - step 05: Verify message
<br>]]>
    </line>
    <line>
      <![CDATA[[INFO ] [2021-12-06 10:57:16,257]  -------------------------- PASSED -------------------------- 
<br>]]>
    </line>
    <line>
      <![CDATA[[INFO ] [2021-12-06 10:57:16,260] DepositFieldCannotHaveBlackSpace - step 01: Click New Account link
<br>]]>
    </line>
    <line>
      <![CDATA[[INFO ] [2021-12-06 10:57:16,414] DepositFieldCannotHaveBlackSpace - step 02: focus out customer id textbox
<br>]]>
    </line>
    <line>
      <![CDATA[[INFO ] [2021-12-06 10:57:16,490] DepositFieldCannotHaveBlackSpace - step 03: Verify message
<br>]]>
    </line>
    <line>
      <![CDATA[[INFO ] [2021-12-06 10:57:16,521]  -------------------------- PASSED -------------------------- 
<br>]]>
    </line>
    <line>
      <![CDATA[[INFO ] [2021-12-06 10:57:16,524] DepositFieldFirstCharacterCannotBeSpace - step 01: Click New Account link
<br>]]>
    </line>
    <line>
      <![CDATA[[INFO ] [2021-12-06 10:57:16,680] DepositFieldFirstCharacterCannotBeSpace - step 02: focus out deposit textbox
<br>]]>
    </line>
    <line>
      <![CDATA[[INFO ] [2021-12-06 10:57:16,755] DepositFieldFirstCharacterCannotBeSpace - step 03: Verify message
<br>]]>
    </line>
    <line>
      <![CDATA[[INFO ] [2021-12-06 10:57:16,789]  -------------------------- PASSED -------------------------- 
<br>]]>
    </line>
    <line>
      <![CDATA[[INFO ] [2021-12-06 10:57:16,792] OS name = windows 10
<br>]]>
    </line>
    <line>
      <![CDATA[[INFO ] [2021-12-06 10:57:16,792] Driver instance name = windows 10
<br>]]>
    </line>
    <line>
      <![CDATA[Logging appender is closed]]>
    </line>
    <line>
      <![CDATA[[INFO ] [2021-12-06 10:57:24,639] Login - Step 02: Input to email and passwork textbox
<br>]]>
    </line>
    <line>
      <![CDATA[[INFO ] [2021-12-06 10:57:24,808] Login - Step 03: Click to login button -> Navigate to HomePage
<br>]]>
    </line>
    <line>
      <![CDATA[[INFO ] [2021-12-06 10:57:26,856] Login - Step 04: Verify 'My Account' link is displayed
<br>]]>
    </line>
    <line>
      <![CDATA[[INFO ] [2021-12-06 10:57:26,898] AccountNoFieldCannotBeEmpty - step 01: Click Edit Account link
<br>]]>
    </line>
    <line>
      <![CDATA[[INFO ] [2021-12-06 10:57:27,756] AccountNoFieldCannotBeEmpty - step 02: focus out account no textbox
<br>]]>
    </line>
    <line>
      <![CDATA[[INFO ] [2021-12-06 10:57:27,917] AccountNoFieldCannotBeEmpty - step 03: Verify message
<br>]]>
    </line>
    <line>
      <![CDATA[[INFO ] [2021-12-06 10:57:27,959]  -------------------------- PASSED -------------------------- 
<br>]]>
    </line>
    <line>
      <![CDATA[[INFO ] [2021-12-06 10:57:27,962] AccountNoFieldMustBeNumberic - step 01: Click Edit Account link
<br>]]>
    </line>
    <line>
      <![CDATA[[INFO ] [2021-12-06 10:57:28,329] AccountNoFieldMustBeNumberic - step 02: input to account no textbox
<br>]]>
    </line>
    <line>
      <![CDATA[[INFO ] [2021-12-06 10:57:28,413] AccountNoFieldMustBeNumberic - step 03: Verify message
<br>]]>
    </line>
    <line>
      <![CDATA[[INFO ] [2021-12-06 10:57:28,444]  -------------------------- PASSED -------------------------- 
<br>]]>
    </line>
    <line>
      <![CDATA[[INFO ] [2021-12-06 10:57:28,444] AccountNoFieldMustBeNumberic - step 04: input to account no textbox
<br>]]>
    </line>
    <line>
      <![CDATA[[INFO ] [2021-12-06 10:57:28,508] AccountNoFieldMustBeNumberic - step 05: Verify message
<br>]]>
    </line>
    <line>
      <![CDATA[[INFO ] [2021-12-06 10:57:28,536]  -------------------------- PASSED -------------------------- 
<br>]]>
    </line>
    <line>
      <![CDATA[[INFO ] [2021-12-06 10:57:28,539] AccountNoFieldCannotHaveSpecialCharater - step 01: Click Edit Account link
<br>]]>
    </line>
    <line>
      <![CDATA[[INFO ] [2021-12-06 10:57:28,954] AccountNoFieldCannotHaveSpecialCharater - step 02: input to account no textbox
<br>]]>
    </line>
    <line>
      <![CDATA[[INFO ] [2021-12-06 10:57:29,036] AccountNoFieldCannotHaveSpecialCharater - step 03: Verify message
<br>]]>
    </line>
    <line>
      <![CDATA[[INFO ] [2021-12-06 10:57:29,072]  -------------------------- PASSED -------------------------- 
<br>]]>
    </line>
    <line>
      <![CDATA[[INFO ] [2021-12-06 10:57:29,072] AccountNoFieldCannotHaveSpecialCharater - step 04: input to account no textbox
<br>]]>
    </line>
    <line>
      <![CDATA[[INFO ] [2021-12-06 10:57:29,144] AccountNoFieldCannotHaveSpecialCharater - step 05: Verify message
<br>]]>
    </line>
    <line>
      <![CDATA[[INFO ] [2021-12-06 10:57:29,172]  -------------------------- PASSED -------------------------- 
<br>]]>
    </line>
    <line>
      <![CDATA[[INFO ] [2021-12-06 10:57:29,175] AccountNoFieldValidAccountNumber - step 01: Click Edit Account link
<br>]]>
    </line>
    <line>
      <![CDATA[[INFO ] [2021-12-06 10:57:29,853] AccountNoFieldValidAccountNumber - step 02: input to account no textbox
<br>]]>
    </line>
    <line>
      <![CDATA[[INFO ] [2021-12-06 10:57:29,931] AccountNoFieldValidAccountNumber - step 03: input to account no textbox
<br>]]>
    </line>
    <line>
      <![CDATA[[INFO ] [2021-12-06 10:57:30,919] AccountNoFieldValidAccountNumber - step 03: Verify message
<br>]]>
    </line>
    <line>
      <![CDATA[[INFO ] [2021-12-06 10:57:30,961]  -------------------------- PASSED -------------------------- 
<br>]]>
    </line>
    <line>
      <![CDATA[[INFO ] [2021-12-06 10:57:30,964] AccountNoFieldCannotHaveBlankSpace - step 01: Click Edit Account link
<br>]]>
    </line>
    <line>
      <![CDATA[[INFO ] [2021-12-06 10:57:31,644] AccountNoFieldCannotHaveBlankSpace - step 02: input to account no textbox
<br>]]>
    </line>
    <line>
      <![CDATA[[INFO ] [2021-12-06 10:57:31,723] AccountNoFieldCannotHaveBlankSpace - step 03: Verify message
<br>]]>
    </line>
    <line>
      <![CDATA[[INFO ] [2021-12-06 10:57:31,757]  -------------------------- PASSED -------------------------- 
<br>]]>
    </line>
    <line>
      <![CDATA[[INFO ] [2021-12-06 10:57:31,760] AccountNoFieldFirstCharacerCannotHaveSpace - step 01: Click Edit Account link
<br>]]>
    </line>
    <line>
      <![CDATA[[INFO ] [2021-12-06 10:57:32,432] AccountNoFieldFirstCharacerCannotHaveSpace - step 02: input to account no textbox
<br>]]>
    </line>
    <line>
      <![CDATA[[INFO ] [2021-12-06 10:57:32,509] AccountNoFieldFirstCharacerCannotHaveSpace - step 03: Verify message
<br>]]>
    </line>
    <line>
      <![CDATA[[INFO ] [2021-12-06 10:57:32,542]  -------------------------- FAILED -------------------------- 
<br>]]>
    </line>
    <line>
      <![CDATA[[INFO ] [2021-12-06 10:57:32,548] OS name = windows 10
<br>]]>
    </line>
    <line>
      <![CDATA[[INFO ] [2021-12-06 10:57:32,548] Driver instance name = windows 10
<br>]]>
    </line>
    <line>
      <![CDATA[Logging appender is closed]]>
    </line>
    <line>
      <![CDATA[[INFO ] [2021-12-06 10:57:40,228] Login - Step 02: Input to email and passwork textbox
<br>]]>
    </line>
    <line>
      <![CDATA[[INFO ] [2021-12-06 10:57:40,421] Login - Step 03: Click to login button -> Navigate to HomePage
<br>]]>
    </line>
    <line>
      <![CDATA[[INFO ] [2021-12-06 10:57:41,799] Login - Step 04: Verify 'My Account' link is displayed
<br>]]>
    </line>
    <line>
      <![CDATA[[INFO ] [2021-12-06 10:57:41,840] AccountNoFieldCannotBeEmpty - step 01: Click Delete Account link
<br>]]>
    </line>
    <line>
      <![CDATA[[INFO ] [2021-12-06 10:57:42,587] AccountNoFieldCannotBeEmpty - step 02: focus out account no textbox
<br>]]>
    </line>
    <line>
      <![CDATA[[INFO ] [2021-12-06 10:57:42,732] AccountNoFieldCannotBeEmpty - step 03: Verify message
<br>]]>
    </line>
    <line>
      <![CDATA[[INFO ] [2021-12-06 10:57:42,765]  -------------------------- FAILED -------------------------- 
<br>]]>
    </line>
    <line>
      <![CDATA[[INFO ] [2021-12-06 10:57:42,768] AccountNoFieldMustBeNumberic - step 01: Click Delete Account link
<br>]]>
    </line>
    <line>
      <![CDATA[[INFO ] [2021-12-06 10:57:43,200] AccountNoFieldMustBeNumberic - step 02: input to account no textbox
<br>]]>
    </line>
    <line>
      <![CDATA[[INFO ] [2021-12-06 10:57:43,280] AccountNoFieldMustBeNumberic - step 03: Verify message
<br>]]>
    </line>
    <line>
      <![CDATA[[INFO ] [2021-12-06 10:57:43,313]  -------------------------- FAILED -------------------------- 
<br>]]>
    </line>
    <line>
      <![CDATA[[INFO ] [2021-12-06 10:57:43,313] AccountNoFieldMustBeNumberic - step 04: input to account no textbox
<br>]]>
    </line>
    <line>
      <![CDATA[[INFO ] [2021-12-06 10:57:43,375] AccountNoFieldMustBeNumberic - step 05: Verify message
<br>]]>
    </line>
    <line>
      <![CDATA[[INFO ] [2021-12-06 10:57:43,405]  -------------------------- FAILED -------------------------- 
<br>]]>
    </line>
    <line>
      <![CDATA[[INFO ] [2021-12-06 10:57:43,409] AccountNoFieldCannotHaveSpecialCharater - step 01: Click Delete Account link
<br>]]>
    </line>
    <line>
      <![CDATA[[INFO ] [2021-12-06 10:57:43,835] AccountNoFieldCannotHaveSpecialCharater - step 02: input to account no textbox
<br>]]>
    </line>
    <line>
      <![CDATA[[INFO ] [2021-12-06 10:57:43,914] AccountNoFieldCannotHaveSpecialCharater - step 03: Verify message
<br>]]>
    </line>
    <line>
      <![CDATA[[INFO ] [2021-12-06 10:57:43,946]  -------------------------- PASSED -------------------------- 
<br>]]>
    </line>
    <line>
      <![CDATA[[INFO ] [2021-12-06 10:57:43,946] AccountNoFieldCannotHaveSpecialCharater - step 04: input to account no textbox
<br>]]>
    </line>
    <line>
      <![CDATA[[INFO ] [2021-12-06 10:57:44,010] AccountNoFieldCannotHaveSpecialCharater - step 05: Verify message
<br>]]>
    </line>
    <line>
      <![CDATA[[INFO ] [2021-12-06 10:57:44,037]  -------------------------- PASSED -------------------------- 
<br>]]>
    </line>
    <line>
      <![CDATA[[INFO ] [2021-12-06 10:57:44,039] AccountNoFieldCannotHaveBlankSpace - step 01: Click Delete Account link
<br>]]>
    </line>
    <line>
      <![CDATA[[INFO ] [2021-12-06 10:57:44,463] AccountNoFieldCannotHaveBlankSpace - step 02: input to account no textbox
<br>]]>
    </line>
    <line>
      <![CDATA[[INFO ] [2021-12-06 10:57:44,542] AccountNoFieldCannotHaveBlankSpace - step 03: Verify message
<br>]]>
    </line>
    <line>
      <![CDATA[[INFO ] [2021-12-06 10:57:44,573]  -------------------------- PASSED -------------------------- 
<br>]]>
    </line>
    <line>
      <![CDATA[[INFO ] [2021-12-06 10:57:44,576] AccountNoFieldFirstCharacerCannotHaveSpace - step 01: Click Delete Account link
<br>]]>
    </line>
    <line>
      <![CDATA[[INFO ] [2021-12-06 10:57:45,020] AccountNoFieldFirstCharacerCannotHaveSpace - step 02: input to account no textbox
<br>]]>
    </line>
    <line>
      <![CDATA[[INFO ] [2021-12-06 10:57:45,091] AccountNoFieldFirstCharacerCannotHaveSpace - step 03: Verify message
<br>]]>
    </line>
    <line>
      <![CDATA[[INFO ] [2021-12-06 10:57:45,123]  -------------------------- FAILED -------------------------- 
<br>]]>
    </line>
    <line>
      <![CDATA[[INFO ] [2021-12-06 10:57:45,125] OS name = windows 10
<br>]]>
    </line>
    <line>
      <![CDATA[[INFO ] [2021-12-06 10:57:45,125] Driver instance name = windows 10
<br>]]>
    </line>
  </reporter-output>
  <suite name="BANK GURLU" duration-ms="43017" started-at="2021-12-06T03:57:02Z" finished-at="2021-12-06T03:57:45Z">
    <groups>
    </groups>
    <test name="Run" duration-ms="43017" started-at="2021-12-06T03:57:02Z" finished-at="2021-12-06T03:57:45Z">
      <class name="com.bankguru.account.EditAccount">
        <test-method status="PASS" signature="beforeClass(java.lang.String, java.lang.String)[pri:0, instance:com.bankguru.account.EditAccount@1a38ba58]" name="beforeClass" is-config="true" duration-ms="9251" started-at="2021-12-06T03:57:17Z" finished-at="2021-12-06T03:57:26Z">
          <params>
            <param index="0">
              <value>
                <![CDATA[chrome_ui]]>
              </value>
            </param>
            <param index="1">
              <value>
                <![CDATA[http://demo.guru99.com/v4/]]>
              </value>
            </param>
          </params>
          <reporter-output>
            <line>
              <![CDATA[Logging appender is closed]]>
            </line>
            <line>
              <![CDATA[[INFO ] [2021-12-06 10:57:24,639] Login - Step 02: Input to email and passwork textbox
<br>]]>
            </line>
            <line>
              <![CDATA[[INFO ] [2021-12-06 10:57:24,808] Login - Step 03: Click to login button -> Navigate to HomePage
<br>]]>
            </line>
            <line>
              <![CDATA[[INFO ] [2021-12-06 10:57:26,856] Login - Step 04: Verify 'My Account' link is displayed
<br>]]>
            </line>
          </reporter-output>
        </test-method> <!-- beforeClass -->
        <test-method status="PASS" signature="EA_01_verifyAccountNoFieldCannotBeEmpty()[pri:0, instance:com.bankguru.account.EditAccount@1a38ba58]" name="EA_01_verifyAccountNoFieldCannotBeEmpty" duration-ms="1062" started-at="2021-12-06T03:57:26Z" finished-at="2021-12-06T03:57:27Z">
          <reporter-output>
            <line>
              <![CDATA[[INFO ] [2021-12-06 10:57:26,898] AccountNoFieldCannotBeEmpty - step 01: Click Edit Account link
<br>]]>
            </line>
            <line>
              <![CDATA[[INFO ] [2021-12-06 10:57:27,756] AccountNoFieldCannotBeEmpty - step 02: focus out account no textbox
<br>]]>
            </line>
            <line>
              <![CDATA[[INFO ] [2021-12-06 10:57:27,917] AccountNoFieldCannotBeEmpty - step 03: Verify message
<br>]]>
            </line>
            <line>
              <![CDATA[[INFO ] [2021-12-06 10:57:27,959]  -------------------------- PASSED -------------------------- 
<br>]]>
            </line>
          </reporter-output>
        </test-method> <!-- EA_01_verifyAccountNoFieldCannotBeEmpty -->
        <test-method status="PASS" signature="EA_02_verifyAccountNoFieldMustBeNumberic()[pri:0, instance:com.bankguru.account.EditAccount@1a38ba58]" name="EA_02_verifyAccountNoFieldMustBeNumberic" duration-ms="575" started-at="2021-12-06T03:57:27Z" finished-at="2021-12-06T03:57:28Z">
          <reporter-output>
            <line>
              <![CDATA[[INFO ] [2021-12-06 10:57:27,962] AccountNoFieldMustBeNumberic - step 01: Click Edit Account link
<br>]]>
            </line>
            <line>
              <![CDATA[[INFO ] [2021-12-06 10:57:28,329] AccountNoFieldMustBeNumberic - step 02: input to account no textbox
<br>]]>
            </line>
            <line>
              <![CDATA[[INFO ] [2021-12-06 10:57:28,413] AccountNoFieldMustBeNumberic - step 03: Verify message
<br>]]>
            </line>
            <line>
              <![CDATA[[INFO ] [2021-12-06 10:57:28,444]  -------------------------- PASSED -------------------------- 
<br>]]>
            </line>
            <line>
              <![CDATA[[INFO ] [2021-12-06 10:57:28,444] AccountNoFieldMustBeNumberic - step 04: input to account no textbox
<br>]]>
            </line>
            <line>
              <![CDATA[[INFO ] [2021-12-06 10:57:28,508] AccountNoFieldMustBeNumberic - step 05: Verify message
<br>]]>
            </line>
            <line>
              <![CDATA[[INFO ] [2021-12-06 10:57:28,536]  -------------------------- PASSED -------------------------- 
<br>]]>
            </line>
          </reporter-output>
        </test-method> <!-- EA_02_verifyAccountNoFieldMustBeNumberic -->
        <test-method status="PASS" signature="EA_03_verifyAccountNoFieldCannotHaveSpecialCharater()[pri:0, instance:com.bankguru.account.EditAccount@1a38ba58]" name="EA_03_verifyAccountNoFieldCannotHaveSpecialCharater" duration-ms="635" started-at="2021-12-06T03:57:28Z" finished-at="2021-12-06T03:57:29Z">
          <reporter-output>
            <line>
              <![CDATA[[INFO ] [2021-12-06 10:57:28,539] AccountNoFieldCannotHaveSpecialCharater - step 01: Click Edit Account link
<br>]]>
            </line>
            <line>
              <![CDATA[[INFO ] [2021-12-06 10:57:28,954] AccountNoFieldCannotHaveSpecialCharater - step 02: input to account no textbox
<br>]]>
            </line>
            <line>
              <![CDATA[[INFO ] [2021-12-06 10:57:29,036] AccountNoFieldCannotHaveSpecialCharater - step 03: Verify message
<br>]]>
            </line>
            <line>
              <![CDATA[[INFO ] [2021-12-06 10:57:29,072]  -------------------------- PASSED -------------------------- 
<br>]]>
            </line>
            <line>
              <![CDATA[[INFO ] [2021-12-06 10:57:29,072] AccountNoFieldCannotHaveSpecialCharater - step 04: input to account no textbox
<br>]]>
            </line>
            <line>
              <![CDATA[[INFO ] [2021-12-06 10:57:29,144] AccountNoFieldCannotHaveSpecialCharater - step 05: Verify message
<br>]]>
            </line>
            <line>
              <![CDATA[[INFO ] [2021-12-06 10:57:29,172]  -------------------------- PASSED -------------------------- 
<br>]]>
            </line>
          </reporter-output>
        </test-method> <!-- EA_03_verifyAccountNoFieldCannotHaveSpecialCharater -->
        <test-method status="PASS" signature="EA_04_verifyAccountNoFieldValidAccountNumber()[pri:0, instance:com.bankguru.account.EditAccount@1a38ba58]" name="EA_04_verifyAccountNoFieldValidAccountNumber" duration-ms="1788" started-at="2021-12-06T03:57:29Z" finished-at="2021-12-06T03:57:30Z">
          <reporter-output>
            <line>
              <![CDATA[[INFO ] [2021-12-06 10:57:29,175] AccountNoFieldValidAccountNumber - step 01: Click Edit Account link
<br>]]>
            </line>
            <line>
              <![CDATA[[INFO ] [2021-12-06 10:57:29,853] AccountNoFieldValidAccountNumber - step 02: input to account no textbox
<br>]]>
            </line>
            <line>
              <![CDATA[[INFO ] [2021-12-06 10:57:29,931] AccountNoFieldValidAccountNumber - step 03: input to account no textbox
<br>]]>
            </line>
            <line>
              <![CDATA[[INFO ] [2021-12-06 10:57:30,919] AccountNoFieldValidAccountNumber - step 03: Verify message
<br>]]>
            </line>
            <line>
              <![CDATA[[INFO ] [2021-12-06 10:57:30,961]  -------------------------- PASSED -------------------------- 
<br>]]>
            </line>
          </reporter-output>
        </test-method> <!-- EA_04_verifyAccountNoFieldValidAccountNumber -->
        <test-method status="PASS" signature="EA_05_verifyAccountNoFieldCannotHaveBlankSpace()[pri:0, instance:com.bankguru.account.EditAccount@1a38ba58]" name="EA_05_verifyAccountNoFieldCannotHaveBlankSpace" duration-ms="795" started-at="2021-12-06T03:57:30Z" finished-at="2021-12-06T03:57:31Z">
          <reporter-output>
            <line>
              <![CDATA[[INFO ] [2021-12-06 10:57:30,964] AccountNoFieldCannotHaveBlankSpace - step 01: Click Edit Account link
<br>]]>
            </line>
            <line>
              <![CDATA[[INFO ] [2021-12-06 10:57:31,644] AccountNoFieldCannotHaveBlankSpace - step 02: input to account no textbox
<br>]]>
            </line>
            <line>
              <![CDATA[[INFO ] [2021-12-06 10:57:31,723] AccountNoFieldCannotHaveBlankSpace - step 03: Verify message
<br>]]>
            </line>
            <line>
              <![CDATA[[INFO ] [2021-12-06 10:57:31,757]  -------------------------- PASSED -------------------------- 
<br>]]>
            </line>
          </reporter-output>
        </test-method> <!-- EA_05_verifyAccountNoFieldCannotHaveBlankSpace -->
        <test-method status="FAIL" signature="EA_06_verifyAccountNoFieldFirstCharacerCannotHaveSpace()[pri:0, instance:com.bankguru.account.EditAccount@1a38ba58]" name="EA_06_verifyAccountNoFieldFirstCharacerCannotHaveSpace" duration-ms="784" started-at="2021-12-06T03:57:31Z" finished-at="2021-12-06T03:57:32Z">
          <exception class="java.lang.AssertionError">
            <message>
              <![CDATA[expected [First character can not have space] but found [Characters are not allowed]]]>
            </message>
            <full-stacktrace>
              <![CDATA[java.lang.AssertionError: expected [First character can not have space] but found [Characters are not allowed]
at org.testng.Assert.fail(Assert.java:96)
at org.testng.Assert.failNotEquals(Assert.java:776)
at org.testng.Assert.assertEqualsImpl(Assert.java:137)
at org.testng.Assert.assertEquals(Assert.java:118)
at org.testng.Assert.assertEquals(Assert.java:442)
at commons.AbstractTest.checkEquals(AbstractTest.java:195)
at commons.AbstractTest.verifyEquals(AbstractTest.java:207)
at com.bankguru.account.EditAccount.EA_06_verifyAccountNoFieldFirstCharacerCannotHaveSpace(EditAccount.java:142)
at sun.reflect.NativeMethodAccessorImpl.invoke0(Native Method)
at sun.reflect.NativeMethodAccessorImpl.invoke(NativeMethodAccessorImpl.java:62)
at sun.reflect.DelegatingMethodAccessorImpl.invoke(DelegatingMethodAccessorImpl.java:43)
at java.lang.reflect.Method.invoke(Method.java:498)
at org.testng.internal.MethodInvocationHelper.invokeMethod(MethodInvocationHelper.java:124)
at org.testng.internal.Invoker.invokeMethod(Invoker.java:583)
at org.testng.internal.Invoker.invokeTestMethod(Invoker.java:719)
at org.testng.internal.Invoker.invokeTestMethods(Invoker.java:989)
at org.testng.internal.TestMethodWorker.invokeTestMethods(TestMethodWorker.java:125)
at org.testng.internal.TestMethodWorker.run(TestMethodWorker.java:109)
at org.testng.TestRunner.privateRun(TestRunner.java:648)
at org.testng.TestRunner.run(TestRunner.java:505)
at org.testng.SuiteRunner.runTest(SuiteRunner.java:455)
at org.testng.SuiteRunner.runSequentially(SuiteRunner.java:450)
at org.testng.SuiteRunner.privateRun(SuiteRunner.java:415)
at org.testng.SuiteRunner.run(SuiteRunner.java:364)
at org.testng.SuiteRunnerWorker.runSuite(SuiteRunnerWorker.java:52)
at org.testng.SuiteRunnerWorker.run(SuiteRunnerWorker.java:84)
at org.testng.TestNG.runSuitesSequentially(TestNG.java:1208)
at org.testng.TestNG.runSuitesLocally(TestNG.java:1137)
at org.testng.TestNG.runSuites(TestNG.java:1049)
at org.testng.TestNG.run(TestNG.java:1017)
at org.testng.remote.AbstractRemoteTestNG.run(AbstractRemoteTestNG.java:115)
at org.testng.remote.RemoteTestNG.initAndRun(RemoteTestNG.java:251)
at org.testng.remote.RemoteTestNG.main(RemoteTestNG.java:77)
]]>
            </full-stacktrace>
          </exception> <!-- java.lang.AssertionError -->
          <reporter-output>
            <line>
              <![CDATA[[INFO ] [2021-12-06 10:57:31,760] AccountNoFieldFirstCharacerCannotHaveSpace - step 01: Click Edit Account link
<br>]]>
            </line>
            <line>
              <![CDATA[[INFO ] [2021-12-06 10:57:32,432] AccountNoFieldFirstCharacerCannotHaveSpace - step 02: input to account no textbox
<br>]]>
            </line>
            <line>
              <![CDATA[[INFO ] [2021-12-06 10:57:32,509] AccountNoFieldFirstCharacerCannotHaveSpace - step 03: Verify message
<br>]]>
            </line>
            <line>
              <![CDATA[[INFO ] [2021-12-06 10:57:32,542]  -------------------------- FAILED -------------------------- 
<br>]]>
            </line>
          </reporter-output>
        </test-method> <!-- EA_06_verifyAccountNoFieldFirstCharacerCannotHaveSpace -->
        <test-method status="PASS" signature="afterClass()[pri:0, instance:com.bankguru.account.EditAccount@1a38ba58]" name="afterClass" is-config="true" duration-ms="729" started-at="2021-12-06T03:57:32Z" finished-at="2021-12-06T03:57:33Z">
          <reporter-output>
            <line>
              <![CDATA[[INFO ] [2021-12-06 10:57:32,548] OS name = windows 10
<br>]]>
            </line>
            <line>
              <![CDATA[[INFO ] [2021-12-06 10:57:32,548] Driver instance name = windows 10
<br>]]>
            </line>
          </reporter-output>
        </test-method> <!-- afterClass -->
      </class> <!-- com.bankguru.account.EditAccount -->
      <class name="com.bankguru.account.NewAccount">
        <test-method status="PASS" signature="beforeClass(java.lang.String, java.lang.String)[pri:0, instance:com.bankguru.account.NewAccount@5a2f016d]" name="beforeClass" is-config="true" duration-ms="10092" started-at="2021-12-06T03:57:02Z" finished-at="2021-12-06T03:57:12Z">
          <params>
            <param index="0">
              <value>
                <![CDATA[chrome_ui]]>
              </value>
            </param>
            <param index="1">
              <value>
                <![CDATA[http://demo.guru99.com/v4/]]>
              </value>
            </param>
          </params>
          <reporter-output>
            <line>
              <![CDATA[Logging appender is closed]]>
            </line>
            <line>
              <![CDATA[[INFO ] [2021-12-06 10:57:11,168] Login - Step 02: Input to email and passwork textbox
<br>]]>
            </line>
            <line>
              <![CDATA[[INFO ] [2021-12-06 10:57:11,389] Login - Step 03: Click to login button -> Navigate to HomePage
<br>]]>
            </line>
            <line>
              <![CDATA[[INFO ] [2021-12-06 10:57:12,881] Login - Step 04: Verify 'My Account' link is displayed
<br>]]>
            </line>
          </reporter-output>
        </test-method> <!-- beforeClass -->
        <test-method status="PASS" signature="NA_01_verifyCustomerIDFieldCannotBeEmpty()[pri:0, instance:com.bankguru.account.NewAccount@5a2f016d]" name="NA_01_verifyCustomerIDFieldCannotBeEmpty" duration-ms="845" started-at="2021-12-06T03:57:12Z" finished-at="2021-12-06T03:57:13Z">
          <reporter-output>
            <line>
              <![CDATA[[INFO ] [2021-12-06 10:57:12,981] CustomerIDFieldCannotBeEmpty - step 01: Click New Account link
<br>]]>
            </line>
            <line>
              <![CDATA[[INFO ] [2021-12-06 10:57:13,584] CustomerIDFieldCannotBeEmpty - step 02: focus out customer id textbox
<br>]]>
            </line>
            <line>
              <![CDATA[[INFO ] [2021-12-06 10:57:13,747] CustomerIDFieldCannotBeEmpty - step 03: Verify message
<br>]]>
            </line>
            <line>
              <![CDATA[[INFO ] [2021-12-06 10:57:13,784]  -------------------------- PASSED -------------------------- 
<br>]]>
            </line>
          </reporter-output>
        </test-method> <!-- NA_01_verifyCustomerIDFieldCannotBeEmpty -->
        <test-method status="PASS" signature="NA_02_verifyCustomerIDFieldMustBeNumeric()[pri:0, instance:com.bankguru.account.NewAccount@5a2f016d]" name="NA_02_verifyCustomerIDFieldMustBeNumeric" duration-ms="362" started-at="2021-12-06T03:57:13Z" finished-at="2021-12-06T03:57:14Z">
          <reporter-output>
            <line>
              <![CDATA[[INFO ] [2021-12-06 10:57:13,863] CustomerIDFieldMustBeNumeric - step 01: Click New Account link
<br>]]>
            </line>
            <line>
              <![CDATA[[INFO ] [2021-12-06 10:57:14,014] CustomerIDFieldMustBeNumeric - step 02: focus out customer id textbox
<br>]]>
            </line>
            <line>
              <![CDATA[[INFO ] [2021-12-06 10:57:14,100] CustomerIDFieldMustBeNumeric - step 03: Verify message
<br>]]>
            </line>
            <line>
              <![CDATA[[INFO ] [2021-12-06 10:57:14,134]  -------------------------- PASSED -------------------------- 
<br>]]>
            </line>
            <line>
              <![CDATA[[INFO ] [2021-12-06 10:57:14,134] CustomerIDFieldMustBeNumeric - step 04: focus out customer id textbox
<br>]]>
            </line>
            <line>
              <![CDATA[[INFO ] [2021-12-06 10:57:14,195] CustomerIDFieldMustBeNumeric - step 05: Verify message
<br>]]>
            </line>
            <line>
              <![CDATA[[INFO ] [2021-12-06 10:57:14,223]  -------------------------- PASSED -------------------------- 
<br>]]>
            </line>
          </reporter-output>
        </test-method> <!-- NA_02_verifyCustomerIDFieldMustBeNumeric -->
        <test-method status="PASS" signature="NA_03_verifyCustomerIDFieldCannotHaveSpecialCharacter()[pri:0, instance:com.bankguru.account.NewAccount@5a2f016d]" name="NA_03_verifyCustomerIDFieldCannotHaveSpecialCharacter" duration-ms="361" started-at="2021-12-06T03:57:14Z" finished-at="2021-12-06T03:57:14Z">
          <reporter-output>
            <line>
              <![CDATA[[INFO ] [2021-12-06 10:57:14,228] CustomerIDFieldCannotHaveSpecialCharacter - step 01: Click New Account link
<br>]]>
            </line>
            <line>
              <![CDATA[[INFO ] [2021-12-06 10:57:14,380] CustomerIDFieldCannotHaveSpecialCharacter - step 02: focus out customer id textbox
<br>]]>
            </line>
            <line>
              <![CDATA[[INFO ] [2021-12-06 10:57:14,470] CustomerIDFieldCannotHaveSpecialCharacter - step 03: Verify message
<br>]]>
            </line>
            <line>
              <![CDATA[[INFO ] [2021-12-06 10:57:14,501]  -------------------------- PASSED -------------------------- 
<br>]]>
            </line>
            <line>
              <![CDATA[[INFO ] [2021-12-06 10:57:14,501] CustomerIDFieldCannotHaveSpecialCharacter - step 04: focus out customer id textbox
<br>]]>
            </line>
            <line>
              <![CDATA[[INFO ] [2021-12-06 10:57:14,561] CustomerIDFieldCannotHaveSpecialCharacter - step 05: Verify message
<br>]]>
            </line>
            <line>
              <![CDATA[[INFO ] [2021-12-06 10:57:14,586]  -------------------------- PASSED -------------------------- 
<br>]]>
            </line>
          </reporter-output>
        </test-method> <!-- NA_03_verifyCustomerIDFieldCannotHaveSpecialCharacter -->
        <test-method status="PASS" signature="NA_04_verifyCustomerIDFieldCannotHaveBlackSpace()[pri:0, instance:com.bankguru.account.NewAccount@5a2f016d]" name="NA_04_verifyCustomerIDFieldCannotHaveBlackSpace" duration-ms="263" started-at="2021-12-06T03:57:14Z" finished-at="2021-12-06T03:57:14Z">
          <reporter-output>
            <line>
              <![CDATA[[INFO ] [2021-12-06 10:57:14,589] CustomerIDFieldCannotHaveBlackSpace - step 01: Click New Account link
<br>]]>
            </line>
            <line>
              <![CDATA[[INFO ] [2021-12-06 10:57:14,744] CustomerIDFieldCannotHaveBlackSpace - step 02: focus out customer id textbox
<br>]]>
            </line>
            <line>
              <![CDATA[[INFO ] [2021-12-06 10:57:14,818] CustomerIDFieldCannotHaveBlackSpace - step 03: Verify message
<br>]]>
            </line>
            <line>
              <![CDATA[[INFO ] [2021-12-06 10:57:14,851]  -------------------------- PASSED -------------------------- 
<br>]]>
            </line>
          </reporter-output>
        </test-method> <!-- NA_04_verifyCustomerIDFieldCannotHaveBlackSpace -->
        <test-method status="PASS" signature="NA_05_verifyCustomerIDFieldFirstCharacterCannotBeSpace()[pri:0, instance:com.bankguru.account.NewAccount@5a2f016d]" name="NA_05_verifyCustomerIDFieldFirstCharacterCannotBeSpace" duration-ms="265" started-at="2021-12-06T03:57:14Z" finished-at="2021-12-06T03:57:15Z">
          <reporter-output>
            <line>
              <![CDATA[[INFO ] [2021-12-06 10:57:14,855] CustomerIDFieldCannotHaveBlackSpace - step 01: Click New Account link
<br>]]>
            </line>
            <line>
              <![CDATA[[INFO ] [2021-12-06 10:57:15,010] CustomerIDFieldCannotHaveBlackSpace - step 02: focus out customer id textbox
<br>]]>
            </line>
            <line>
              <![CDATA[[INFO ] [2021-12-06 10:57:15,085] CustomerIDFieldCannotHaveBlackSpace - step 03: Verify message
<br>]]>
            </line>
            <line>
              <![CDATA[[INFO ] [2021-12-06 10:57:15,118]  -------------------------- PASSED -------------------------- 
<br>]]>
            </line>
          </reporter-output>
        </test-method> <!-- NA_05_verifyCustomerIDFieldFirstCharacterCannotBeSpace -->
        <test-method status="PASS" signature="NA_06_verifyDepositFieldCannotBeEmpty()[pri:0, instance:com.bankguru.account.NewAccount@5a2f016d]" name="NA_06_verifyDepositFieldCannotBeEmpty" duration-ms="395" started-at="2021-12-06T03:57:15Z" finished-at="2021-12-06T03:57:15Z">
          <reporter-output>
            <line>
              <![CDATA[[INFO ] [2021-12-06 10:57:15,122] DepositFieldCannotBeEmpty - step 01: Click New Account link
<br>]]>
            </line>
            <line>
              <![CDATA[[INFO ] [2021-12-06 10:57:15,332] DepositFieldCannotBeEmpty - step 02: focus out deposit textbox
<br>]]>
            </line>
            <line>
              <![CDATA[[INFO ] [2021-12-06 10:57:15,479] DepositFieldCannotBeEmpty - step 03: Verify message
<br>]]>
            </line>
            <line>
              <![CDATA[[INFO ] [2021-12-06 10:57:15,515]  -------------------------- PASSED -------------------------- 
<br>]]>
            </line>
          </reporter-output>
        </test-method> <!-- NA_06_verifyDepositFieldCannotBeEmpty -->
        <test-method status="PASS" signature="NA_07_verifyDepositFieldMustBeNumeric()[pri:0, instance:com.bankguru.account.NewAccount@5a2f016d]" name="NA_07_verifyDepositFieldMustBeNumeric" duration-ms="378" started-at="2021-12-06T03:57:15Z" finished-at="2021-12-06T03:57:15Z">
          <reporter-output>
            <line>
              <![CDATA[[INFO ] [2021-12-06 10:57:15,517] DepositFieldMustBeNumeric - step 01: Click New Account link
<br>]]>
            </line>
            <line>
              <![CDATA[[INFO ] [2021-12-06 10:57:15,679] DepositFieldMustBeNumeric - step 02: focus out deposit textbox
<br>]]>
            </line>
            <line>
              <![CDATA[[INFO ] [2021-12-06 10:57:15,763] DepositFieldMustBeNumeric - step 03: Verify message
<br>]]>
            </line>
            <line>
              <![CDATA[[INFO ] [2021-12-06 10:57:15,797]  -------------------------- PASSED -------------------------- 
<br>]]>
            </line>
            <line>
              <![CDATA[[INFO ] [2021-12-06 10:57:15,797] DepositFieldMustBeNumeric - step 04: focus out deposit textbox
<br>]]>
            </line>
            <line>
              <![CDATA[[INFO ] [2021-12-06 10:57:15,866] DepositFieldMustBeNumeric - step 05: Verify message
<br>]]>
            </line>
            <line>
              <![CDATA[[INFO ] [2021-12-06 10:57:15,894]  -------------------------- PASSED -------------------------- 
<br>]]>
            </line>
          </reporter-output>
        </test-method> <!-- NA_07_verifyDepositFieldMustBeNumeric -->
        <test-method status="PASS" signature="NA_08_verifyDepositFieldCannotHaveSpecialCharacter()[pri:0, instance:com.bankguru.account.NewAccount@5a2f016d]" name="NA_08_verifyDepositFieldCannotHaveSpecialCharacter" duration-ms="362" started-at="2021-12-06T03:57:15Z" finished-at="2021-12-06T03:57:16Z">
          <reporter-output>
            <line>
              <![CDATA[[INFO ] [2021-12-06 10:57:15,896] DepositFieldCannotHaveSpecialCharacter - step 01: Click New Account link
<br>]]>
            </line>
            <line>
              <![CDATA[[INFO ] [2021-12-06 10:57:16,052] DepositFieldCannotHaveSpecialCharacter - step 02: focus out deposit textbox
<br>]]>
            </line>
            <line>
              <![CDATA[[INFO ] [2021-12-06 10:57:16,134] DepositFieldCannotHaveSpecialCharacter - step 03: Verify message
<br>]]>
            </line>
            <line>
              <![CDATA[[INFO ] [2021-12-06 10:57:16,166]  -------------------------- PASSED -------------------------- 
<br>]]>
            </line>
            <line>
              <![CDATA[[INFO ] [2021-12-06 10:57:16,166] DepositFieldCannotHaveSpecialCharacter - step 04: focus out deposit textbox
<br>]]>
            </line>
            <line>
              <![CDATA[[INFO ] [2021-12-06 10:57:16,227] DepositFieldCannotHaveSpecialCharacter - step 05: Verify message
<br>]]>
            </line>
            <line>
              <![CDATA[[INFO ] [2021-12-06 10:57:16,257]  -------------------------- PASSED -------------------------- 
<br>]]>
            </line>
          </reporter-output>
        </test-method> <!-- NA_08_verifyDepositFieldCannotHaveSpecialCharacter -->
        <test-method status="PASS" signature="NA_09_verifyDepositFieldCannotHaveBlackSpace()[pri:0, instance:com.bankguru.account.NewAccount@5a2f016d]" name="NA_09_verifyDepositFieldCannotHaveBlackSpace" duration-ms="263" started-at="2021-12-06T03:57:16Z" finished-at="2021-12-06T03:57:16Z">
          <reporter-output>
            <line>
              <![CDATA[[INFO ] [2021-12-06 10:57:16,260] DepositFieldCannotHaveBlackSpace - step 01: Click New Account link
<br>]]>
            </line>
            <line>
              <![CDATA[[INFO ] [2021-12-06 10:57:16,414] DepositFieldCannotHaveBlackSpace - step 02: focus out customer id textbox
<br>]]>
            </line>
            <line>
              <![CDATA[[INFO ] [2021-12-06 10:57:16,490] DepositFieldCannotHaveBlackSpace - step 03: Verify message
<br>]]>
            </line>
            <line>
              <![CDATA[[INFO ] [2021-12-06 10:57:16,521]  -------------------------- PASSED -------------------------- 
<br>]]>
            </line>
          </reporter-output>
        </test-method> <!-- NA_09_verifyDepositFieldCannotHaveBlackSpace -->
        <test-method status="PASS" signature="NA_10_verifyDepositFieldFirstCharacterCannotBeSpace()[pri:0, instance:com.bankguru.account.NewAccount@5a2f016d]" name="NA_10_verifyDepositFieldFirstCharacterCannotBeSpace" duration-ms="267" started-at="2021-12-06T03:57:16Z" finished-at="2021-12-06T03:57:16Z">
          <reporter-output>
            <line>
              <![CDATA[[INFO ] [2021-12-06 10:57:16,524] DepositFieldFirstCharacterCannotBeSpace - step 01: Click New Account link
<br>]]>
            </line>
            <line>
              <![CDATA[[INFO ] [2021-12-06 10:57:16,680] DepositFieldFirstCharacterCannotBeSpace - step 02: focus out deposit textbox
<br>]]>
            </line>
            <line>
              <![CDATA[[INFO ] [2021-12-06 10:57:16,755] DepositFieldFirstCharacterCannotBeSpace - step 03: Verify message
<br>]]>
            </line>
            <line>
              <![CDATA[[INFO ] [2021-12-06 10:57:16,789]  -------------------------- PASSED -------------------------- 
<br>]]>
            </line>
          </reporter-output>
        </test-method> <!-- NA_10_verifyDepositFieldFirstCharacterCannotBeSpace -->
        <test-method status="PASS" signature="afterClass()[pri:0, instance:com.bankguru.account.NewAccount@5a2f016d]" name="afterClass" is-config="true" duration-ms="853" started-at="2021-12-06T03:57:16Z" finished-at="2021-12-06T03:57:17Z">
          <reporter-output>
            <line>
              <![CDATA[[INFO ] [2021-12-06 10:57:16,792] OS name = windows 10
<br>]]>
            </line>
            <line>
              <![CDATA[[INFO ] [2021-12-06 10:57:16,792] Driver instance name = windows 10
<br>]]>
            </line>
          </reporter-output>
        </test-method> <!-- afterClass -->
      </class> <!-- com.bankguru.account.NewAccount -->
      <class name="com.bankguru.account.DeleteAccount">
        <test-method status="PASS" signature="beforeClass(java.lang.String, java.lang.String)[pri:0, instance:com.bankguru.account.DeleteAccount@3ad394e6]" name="beforeClass" is-config="true" duration-ms="8561" started-at="2021-12-06T03:57:33Z" finished-at="2021-12-06T03:57:41Z">
          <params>
            <param index="0">
              <value>
                <![CDATA[chrome_ui]]>
              </value>
            </param>
            <param index="1">
              <value>
                <![CDATA[http://demo.guru99.com/v4/]]>
              </value>
            </param>
          </params>
          <reporter-output>
            <line>
              <![CDATA[Logging appender is closed]]>
            </line>
            <line>
              <![CDATA[[INFO ] [2021-12-06 10:57:40,228] Login - Step 02: Input to email and passwork textbox
<br>]]>
            </line>
            <line>
              <![CDATA[[INFO ] [2021-12-06 10:57:40,421] Login - Step 03: Click to login button -> Navigate to HomePage
<br>]]>
            </line>
            <line>
              <![CDATA[[INFO ] [2021-12-06 10:57:41,799] Login - Step 04: Verify 'My Account' link is displayed
<br>]]>
            </line>
          </reporter-output>
        </test-method> <!-- beforeClass -->
        <test-method status="FAIL" signature="DA_01_verifyAccountNoFieldCannotBeEmpty()[pri:0, instance:com.bankguru.account.DeleteAccount@3ad394e6]" name="DA_01_verifyAccountNoFieldCannotBeEmpty" duration-ms="926" started-at="2021-12-06T03:57:41Z" finished-at="2021-12-06T03:57:42Z">
          <exception class="java.lang.AssertionError">
            <message>
              <![CDATA[expected [Customer ID is required] but found [Account Number must not be blank]]]>
            </message>
            <full-stacktrace>
              <![CDATA[java.lang.AssertionError: expected [Customer ID is required] but found [Account Number must not be blank]
at org.testng.Assert.fail(Assert.java:96)
at org.testng.Assert.failNotEquals(Assert.java:776)
at org.testng.Assert.assertEqualsImpl(Assert.java:137)
at org.testng.Assert.assertEquals(Assert.java:118)
at org.testng.Assert.assertEquals(Assert.java:442)
at commons.AbstractTest.checkEquals(AbstractTest.java:195)
at commons.AbstractTest.verifyEquals(AbstractTest.java:207)
at com.bankguru.account.DeleteAccount.DA_01_verifyAccountNoFieldCannotBeEmpty(DeleteAccount.java:51)
at sun.reflect.NativeMethodAccessorImpl.invoke0(Native Method)
at sun.reflect.NativeMethodAccessorImpl.invoke(NativeMethodAccessorImpl.java:62)
at sun.reflect.DelegatingMethodAccessorImpl.invoke(DelegatingMethodAccessorImpl.java:43)
at java.lang.reflect.Method.invoke(Method.java:498)
at org.testng.internal.MethodInvocationHelper.invokeMethod(MethodInvocationHelper.java:124)
at org.testng.internal.Invoker.invokeMethod(Invoker.java:583)
at org.testng.internal.Invoker.invokeTestMethod(Invoker.java:719)
at org.testng.internal.Invoker.invokeTestMethods(Invoker.java:989)
at org.testng.internal.TestMethodWorker.invokeTestMethods(TestMethodWorker.java:125)
at org.testng.internal.TestMethodWorker.run(TestMethodWorker.java:109)
at org.testng.TestRunner.privateRun(TestRunner.java:648)
at org.testng.TestRunner.run(TestRunner.java:505)
at org.testng.SuiteRunner.runTest(SuiteRunner.java:455)
at org.testng.SuiteRunner.runSequentially(SuiteRunner.java:450)
at org.testng.SuiteRunner.privateRun(SuiteRunner.java:415)
at org.testng.SuiteRunner.run(SuiteRunner.java:364)
at org.testng.SuiteRunnerWorker.runSuite(SuiteRunnerWorker.java:52)
at org.testng.SuiteRunnerWorker.run(SuiteRunnerWorker.java:84)
at org.testng.TestNG.runSuitesSequentially(TestNG.java:1208)
at org.testng.TestNG.runSuitesLocally(TestNG.java:1137)
at org.testng.TestNG.runSuites(TestNG.java:1049)
at org.testng.TestNG.run(TestNG.java:1017)
at org.testng.remote.AbstractRemoteTestNG.run(AbstractRemoteTestNG.java:115)
at org.testng.remote.RemoteTestNG.initAndRun(RemoteTestNG.java:251)
at org.testng.remote.RemoteTestNG.main(RemoteTestNG.java:77)
]]>
            </full-stacktrace>
          </exception> <!-- java.lang.AssertionError -->
          <reporter-output>
            <line>
              <![CDATA[[INFO ] [2021-12-06 10:57:41,840] AccountNoFieldCannotBeEmpty - step 01: Click Delete Account link
<br>]]>
            </line>
            <line>
              <![CDATA[[INFO ] [2021-12-06 10:57:42,587] AccountNoFieldCannotBeEmpty - step 02: focus out account no textbox
<br>]]>
            </line>
            <line>
              <![CDATA[[INFO ] [2021-12-06 10:57:42,732] AccountNoFieldCannotBeEmpty - step 03: Verify message
<br>]]>
            </line>
            <line>
              <![CDATA[[INFO ] [2021-12-06 10:57:42,765]  -------------------------- FAILED -------------------------- 
<br>]]>
            </line>
          </reporter-output>
        </test-method> <!-- DA_01_verifyAccountNoFieldCannotBeEmpty -->
        <test-method status="FAIL" signature="DA_02_verifyAccountNoFieldMustBeNumberic()[pri:0, instance:com.bankguru.account.DeleteAccount@3ad394e6]" name="DA_02_verifyAccountNoFieldMustBeNumberic" duration-ms="638" started-at="2021-12-06T03:57:42Z" finished-at="2021-12-06T03:57:43Z">
          <exception class="java.lang.Throwable">
            <message>
              <![CDATA[Multiple failures (2):
Failure 1 of 2
java.lang.AssertionError: expected [Account Number must not be blank] but found [Characters are not allowed]
at org.testng.Assert.fail(Assert.java:96)
at org.testng.Assert.failNotEquals(Assert.java:776)
at org.testng.Assert.assertEqualsImpl(Assert.java:137)
at org.testng.Assert.assertEquals(Assert.java:118)
at org.testng.Assert.assertEquals(Assert.java:442)
at commons.AbstractTest.checkEquals(AbstractTest.java:195)
at commons.AbstractTest.verifyEquals(AbstractTest.java:207)
at com.bankguru.account.DeleteAccount.DA_02_verifyAccountNoFieldMustBeNumberic(DeleteAccount.java:65)
at sun.reflect.NativeMethodAccessorImpl.invoke0(Native Method)
at sun.reflect.NativeMethodAccessorImpl.invoke(NativeMethodAccessorImpl.java:62)
at sun.reflect.DelegatingMethodAccessorImpl.invoke(DelegatingMethodAccessorImpl.java:43)
at java.lang.reflect.Method.invoke(Method.java:498)
at org.testng.internal.MethodInvocationHelper.invokeMethod(MethodInvocationHelper.java:124)
at org.testng.internal.Invoker.invokeMethod(Invoker.java:583)
at org.testng.internal.Invoker.invokeTestMethod(Invoker.java:719)
at org.testng.internal.Invoker.invokeTestMethods(Invoker.java:989)
at org.testng.internal.TestMethodWorker.invokeTestMethods(TestMethodWorker.java:125)
at org.testng.internal.TestMethodWorker.run(TestMethodWorker.java:109)
at org.testng.TestRunner.privateRun(TestRunner.java:648)
at org.testng.TestRunner.run(TestRunner.java:505)
at org.testng.SuiteRunner.runTest(SuiteRunner.java:455)
at org.testng.SuiteRunner.runSequentially(SuiteRunner.java:450)
at org.testng.SuiteRunner.privateRun(SuiteRunner.java:415)
at org.testng.SuiteRunner.run(SuiteRunner.java:364)
at org.testng.SuiteRunnerWorker.runSuite(SuiteRunnerWorker.java:52)
at org.testng.SuiteRunnerWorker.run(SuiteRunnerWorker.java:84)
at org.testng.TestNG.runSuitesSequentially(TestNG.java:1208)
at org.testng.TestNG.runSuitesLocally(TestNG.java:1137)
at org.testng.TestNG.runSuites(TestNG.java:1049)
at org.testng.TestNG.run(TestNG.java:1017)
at org.testng.remote.AbstractRemoteTestNG.run(AbstractRemoteTestNG.java:115)
at org.testng.remote.RemoteTestNG.initAndRun(RemoteTestNG.java:251)
at org.testng.remote.RemoteTestNG.main(RemoteTestNG.java:77)

Failure 2 of 2
java.lang.AssertionError: expected [Account Number must not be blank] but found [Characters are not allowed]]]>
            </message>
            <full-stacktrace>
              <![CDATA[java.lang.Throwable: Multiple failures (2):
Failure 1 of 2
java.lang.AssertionError: expected [Account Number must not be blank] but found [Characters are not allowed]
at org.testng.Assert.fail(Assert.java:96)
at org.testng.Assert.failNotEquals(Assert.java:776)
at org.testng.Assert.assertEqualsImpl(Assert.java:137)
at org.testng.Assert.assertEquals(Assert.java:118)
at org.testng.Assert.assertEquals(Assert.java:442)
at commons.AbstractTest.checkEquals(AbstractTest.java:195)
at commons.AbstractTest.verifyEquals(AbstractTest.java:207)
at com.bankguru.account.DeleteAccount.DA_02_verifyAccountNoFieldMustBeNumberic(DeleteAccount.java:65)
at sun.reflect.NativeMethodAccessorImpl.invoke0(Native Method)
at sun.reflect.NativeMethodAccessorImpl.invoke(NativeMethodAccessorImpl.java:62)
at sun.reflect.DelegatingMethodAccessorImpl.invoke(DelegatingMethodAccessorImpl.java:43)
at java.lang.reflect.Method.invoke(Method.java:498)
at org.testng.internal.MethodInvocationHelper.invokeMethod(MethodInvocationHelper.java:124)
at org.testng.internal.Invoker.invokeMethod(Invoker.java:583)
at org.testng.internal.Invoker.invokeTestMethod(Invoker.java:719)
at org.testng.internal.Invoker.invokeTestMethods(Invoker.java:989)
at org.testng.internal.TestMethodWorker.invokeTestMethods(TestMethodWorker.java:125)
at org.testng.internal.TestMethodWorker.run(TestMethodWorker.java:109)
at org.testng.TestRunner.privateRun(TestRunner.java:648)
at org.testng.TestRunner.run(TestRunner.java:505)
at org.testng.SuiteRunner.runTest(SuiteRunner.java:455)
at org.testng.SuiteRunner.runSequentially(SuiteRunner.java:450)
at org.testng.SuiteRunner.privateRun(SuiteRunner.java:415)
at org.testng.SuiteRunner.run(SuiteRunner.java:364)
at org.testng.SuiteRunnerWorker.runSuite(SuiteRunnerWorker.java:52)
at org.testng.SuiteRunnerWorker.run(SuiteRunnerWorker.java:84)
at org.testng.TestNG.runSuitesSequentially(TestNG.java:1208)
at org.testng.TestNG.runSuitesLocally(TestNG.java:1137)
at org.testng.TestNG.runSuites(TestNG.java:1049)
at org.testng.TestNG.run(TestNG.java:1017)
at org.testng.remote.AbstractRemoteTestNG.run(AbstractRemoteTestNG.java:115)
at org.testng.remote.RemoteTestNG.initAndRun(RemoteTestNG.java:251)
at org.testng.remote.RemoteTestNG.main(RemoteTestNG.java:77)

Failure 2 of 2
java.lang.AssertionError: expected [Account Number must not be blank] but found [Characters are not allowed]
at org.testng.Assert.fail(Assert.java:96)
at org.testng.Assert.failNotEquals(Assert.java:776)
at org.testng.Assert.assertEqualsImpl(Assert.java:137)
at org.testng.Assert.assertEquals(Assert.java:118)
at org.testng.Assert.assertEquals(Assert.java:442)
at commons.AbstractTest.checkEquals(AbstractTest.java:195)
at commons.AbstractTest.verifyEquals(AbstractTest.java:207)
at com.bankguru.account.DeleteAccount.DA_02_verifyAccountNoFieldMustBeNumberic(DeleteAccount.java:72)
at sun.reflect.NativeMethodAccessorImpl.invoke0(Native Method)
at sun.reflect.NativeMethodAccessorImpl.invoke(NativeMethodAccessorImpl.java:62)
at sun.reflect.DelegatingMethodAccessorImpl.invoke(DelegatingMethodAccessorImpl.java:43)
at java.lang.reflect.Method.invoke(Method.java:498)
at org.testng.internal.MethodInvocationHelper.invokeMethod(MethodInvocationHelper.java:124)
at org.testng.internal.Invoker.invokeMethod(Invoker.java:583)
at org.testng.internal.Invoker.invokeTestMethod(Invoker.java:719)
at org.testng.internal.Invoker.invokeTestMethods(Invoker.java:989)
at org.testng.internal.TestMethodWorker.invokeTestMethods(TestMethodWorker.java:125)
at org.testng.internal.TestMethodWorker.run(TestMethodWorker.java:109)
at org.testng.TestRunner.privateRun(TestRunner.java:648)
at org.testng.TestRunner.run(TestRunner.java:505)
at org.testng.SuiteRunner.runTest(SuiteRunner.java:455)
at org.testng.SuiteRunner.runSequentially(SuiteRunner.java:450)
at org.testng.SuiteRunner.privateRun(SuiteRunner.java:415)
at org.testng.SuiteRunner.run(SuiteRunner.java:364)
at org.testng.SuiteRunnerWorker.runSuite(SuiteRunnerWorker.java:52)
at org.testng.SuiteRunnerWorker.run(SuiteRunnerWorker.java:84)
at org.testng.TestNG.runSuitesSequentially(TestNG.java:1208)
at org.testng.TestNG.runSuitesLocally(TestNG.java:1137)
at org.testng.TestNG.runSuites(TestNG.java:1049)
at org.testng.TestNG.run(TestNG.java:1017)
at org.testng.remote.AbstractRemoteTestNG.run(AbstractRemoteTestNG.java:115)
at org.testng.remote.RemoteTestNG.initAndRun(RemoteTestNG.java:251)
at org.testng.remote.RemoteTestNG.main(RemoteTestNG.java:77)
]]>
            </full-stacktrace>
          </exception> <!-- java.lang.Throwable -->
          <reporter-output>
            <line>
              <![CDATA[[INFO ] [2021-12-06 10:57:42,768] AccountNoFieldMustBeNumberic - step 01: Click Delete Account link
<br>]]>
            </line>
            <line>
              <![CDATA[[INFO ] [2021-12-06 10:57:43,200] AccountNoFieldMustBeNumberic - step 02: input to account no textbox
<br>]]>
            </line>
            <line>
              <![CDATA[[INFO ] [2021-12-06 10:57:43,280] AccountNoFieldMustBeNumberic - step 03: Verify message
<br>]]>
            </line>
            <line>
              <![CDATA[[INFO ] [2021-12-06 10:57:43,313]  -------------------------- FAILED -------------------------- 
<br>]]>
            </line>
            <line>
              <![CDATA[[INFO ] [2021-12-06 10:57:43,313] AccountNoFieldMustBeNumberic - step 04: input to account no textbox
<br>]]>
            </line>
            <line>
              <![CDATA[[INFO ] [2021-12-06 10:57:43,375] AccountNoFieldMustBeNumberic - step 05: Verify message
<br>]]>
            </line>
            <line>
              <![CDATA[[INFO ] [2021-12-06 10:57:43,405]  -------------------------- FAILED -------------------------- 
<br>]]>
            </line>
          </reporter-output>
        </test-method> <!-- DA_02_verifyAccountNoFieldMustBeNumberic -->
        <test-method status="PASS" signature="DA_03_verifyAccountNoFieldCannotHaveSpecialCharater()[pri:0, instance:com.bankguru.account.DeleteAccount@3ad394e6]" name="DA_03_verifyAccountNoFieldCannotHaveSpecialCharater" duration-ms="629" started-at="2021-12-06T03:57:43Z" finished-at="2021-12-06T03:57:44Z">
          <reporter-output>
            <line>
              <![CDATA[[INFO ] [2021-12-06 10:57:43,409] AccountNoFieldCannotHaveSpecialCharater - step 01: Click Delete Account link
<br>]]>
            </line>
            <line>
              <![CDATA[[INFO ] [2021-12-06 10:57:43,835] AccountNoFieldCannotHaveSpecialCharater - step 02: input to account no textbox
<br>]]>
            </line>
            <line>
              <![CDATA[[INFO ] [2021-12-06 10:57:43,914] AccountNoFieldCannotHaveSpecialCharater - step 03: Verify message
<br>]]>
            </line>
            <line>
              <![CDATA[[INFO ] [2021-12-06 10:57:43,946]  -------------------------- PASSED -------------------------- 
<br>]]>
            </line>
            <line>
              <![CDATA[[INFO ] [2021-12-06 10:57:43,946] AccountNoFieldCannotHaveSpecialCharater - step 04: input to account no textbox
<br>]]>
            </line>
            <line>
              <![CDATA[[INFO ] [2021-12-06 10:57:44,010] AccountNoFieldCannotHaveSpecialCharater - step 05: Verify message
<br>]]>
            </line>
            <line>
              <![CDATA[[INFO ] [2021-12-06 10:57:44,037]  -------------------------- PASSED -------------------------- 
<br>]]>
            </line>
          </reporter-output>
        </test-method> <!-- DA_03_verifyAccountNoFieldCannotHaveSpecialCharater -->
        <test-method status="PASS" signature="DA_04_verifyAccountNoFieldCannotHaveBlankSpace()[pri:0, instance:com.bankguru.account.DeleteAccount@3ad394e6]" name="DA_04_verifyAccountNoFieldCannotHaveBlankSpace" duration-ms="535" started-at="2021-12-06T03:57:44Z" finished-at="2021-12-06T03:57:44Z">
          <reporter-output>
            <line>
              <![CDATA[[INFO ] [2021-12-06 10:57:44,039] AccountNoFieldCannotHaveBlankSpace - step 01: Click Delete Account link
<br>]]>
            </line>
            <line>
              <![CDATA[[INFO ] [2021-12-06 10:57:44,463] AccountNoFieldCannotHaveBlankSpace - step 02: input to account no textbox
<br>]]>
            </line>
            <line>
              <![CDATA[[INFO ] [2021-12-06 10:57:44,542] AccountNoFieldCannotHaveBlankSpace - step 03: Verify message
<br>]]>
            </line>
            <line>
              <![CDATA[[INFO ] [2021-12-06 10:57:44,573]  -------------------------- PASSED -------------------------- 
<br>]]>
            </line>
          </reporter-output>
        </test-method> <!-- DA_04_verifyAccountNoFieldCannotHaveBlankSpace -->
        <test-method status="FAIL" signature="DA_05_verifyAccountNoFieldFirstCharacerCannotHaveSpace()[pri:0, instance:com.bankguru.account.DeleteAccount@3ad394e6]" name="DA_05_verifyAccountNoFieldFirstCharacerCannotHaveSpace" duration-ms="549" started-at="2021-12-06T03:57:44Z" finished-at="2021-12-06T03:57:45Z">
          <exception class="java.lang.AssertionError">
            <message>
              <![CDATA[expected [First character can not have space] but found [Characters are not allowed]]]>
            </message>
            <full-stacktrace>
              <![CDATA[java.lang.AssertionError: expected [First character can not have space] but found [Characters are not allowed]
at org.testng.Assert.fail(Assert.java:96)
at org.testng.Assert.failNotEquals(Assert.java:776)
at org.testng.Assert.assertEqualsImpl(Assert.java:137)
at org.testng.Assert.assertEquals(Assert.java:118)
at org.testng.Assert.assertEquals(Assert.java:442)
at commons.AbstractTest.checkEquals(AbstractTest.java:195)
at commons.AbstractTest.verifyEquals(AbstractTest.java:207)
at com.bankguru.account.DeleteAccount.DA_05_verifyAccountNoFieldFirstCharacerCannotHaveSpace(DeleteAccount.java:126)
at sun.reflect.NativeMethodAccessorImpl.invoke0(Native Method)
at sun.reflect.NativeMethodAccessorImpl.invoke(NativeMethodAccessorImpl.java:62)
at sun.reflect.DelegatingMethodAccessorImpl.invoke(DelegatingMethodAccessorImpl.java:43)
at java.lang.reflect.Method.invoke(Method.java:498)
at org.testng.internal.MethodInvocationHelper.invokeMethod(MethodInvocationHelper.java:124)
at org.testng.internal.Invoker.invokeMethod(Invoker.java:583)
at org.testng.internal.Invoker.invokeTestMethod(Invoker.java:719)
at org.testng.internal.Invoker.invokeTestMethods(Invoker.java:989)
at org.testng.internal.TestMethodWorker.invokeTestMethods(TestMethodWorker.java:125)
at org.testng.internal.TestMethodWorker.run(TestMethodWorker.java:109)
at org.testng.TestRunner.privateRun(TestRunner.java:648)
at org.testng.TestRunner.run(TestRunner.java:505)
at org.testng.SuiteRunner.runTest(SuiteRunner.java:455)
at org.testng.SuiteRunner.runSequentially(SuiteRunner.java:450)
at org.testng.SuiteRunner.privateRun(SuiteRunner.java:415)
at org.testng.SuiteRunner.run(SuiteRunner.java:364)
at org.testng.SuiteRunnerWorker.runSuite(SuiteRunnerWorker.java:52)
at org.testng.SuiteRunnerWorker.run(SuiteRunnerWorker.java:84)
at org.testng.TestNG.runSuitesSequentially(TestNG.java:1208)
at org.testng.TestNG.runSuitesLocally(TestNG.java:1137)
at org.testng.TestNG.runSuites(TestNG.java:1049)
at org.testng.TestNG.run(TestNG.java:1017)
at org.testng.remote.AbstractRemoteTestNG.run(AbstractRemoteTestNG.java:115)
at org.testng.remote.RemoteTestNG.initAndRun(RemoteTestNG.java:251)
at org.testng.remote.RemoteTestNG.main(RemoteTestNG.java:77)
]]>
            </full-stacktrace>
          </exception> <!-- java.lang.AssertionError -->
          <reporter-output>
            <line>
              <![CDATA[[INFO ] [2021-12-06 10:57:44,576] AccountNoFieldFirstCharacerCannotHaveSpace - step 01: Click Delete Account link
<br>]]>
            </line>
            <line>
              <![CDATA[[INFO ] [2021-12-06 10:57:45,020] AccountNoFieldFirstCharacerCannotHaveSpace - step 02: input to account no textbox
<br>]]>
            </line>
            <line>
              <![CDATA[[INFO ] [2021-12-06 10:57:45,091] AccountNoFieldFirstCharacerCannotHaveSpace - step 03: Verify message
<br>]]>
            </line>
            <line>
              <![CDATA[[INFO ] [2021-12-06 10:57:45,123]  -------------------------- FAILED -------------------------- 
<br>]]>
            </line>
          </reporter-output>
        </test-method> <!-- DA_05_verifyAccountNoFieldFirstCharacerCannotHaveSpace -->
        <test-method status="PASS" signature="afterClass()[pri:0, instance:com.bankguru.account.DeleteAccount@3ad394e6]" name="afterClass" is-config="true" duration-ms="715" started-at="2021-12-06T03:57:45Z" finished-at="2021-12-06T03:57:45Z">
          <reporter-output>
            <line>
              <![CDATA[[INFO ] [2021-12-06 10:57:45,125] OS name = windows 10
<br>]]>
            </line>
            <line>
              <![CDATA[[INFO ] [2021-12-06 10:57:45,125] Driver instance name = windows 10
<br>]]>
            </line>
          </reporter-output>
        </test-method> <!-- afterClass -->
      </class> <!-- com.bankguru.account.DeleteAccount -->
    </test> <!-- Run -->
  </suite> <!-- BANK GURLU -->
</testng-results>
