<?xml version="1.0" encoding="UTF-8"?>
<testng-results skipped="0" failed="4" ignored="0" total="21" passed="17">
  <reporter-output>
    <line>
      <![CDATA[Logging appender is closed]]>
    </line>
    <line>
      <![CDATA[[INFO ] [2021-12-04 16:48:33,113] Login - Step 02: Input to email and passwork textbox
<br>]]>
    </line>
    <line>
      <![CDATA[[INFO ] [2021-12-04 16:48:33,352] Login - Step 03: Click to login button -> Navigate to HomePage
<br>]]>
    </line>
    <line>
      <![CDATA[[INFO ] [2021-12-04 16:48:35,346] Login - Step 04: Verify 'My Account' link is displayed
<br>]]>
    </line>
    <line>
      <![CDATA[[INFO ] [2021-12-04 16:48:35,445] CustomerIDFieldCannotBeEmpty - step 01: Click New Account link
<br>]]>
    </line>
    <line>
      <![CDATA[[INFO ] [2021-12-04 16:48:35,994] CustomerIDFieldCannotBeEmpty - step 02: focus out customer id textbox
<br>]]>
    </line>
    <line>
      <![CDATA[[INFO ] [2021-12-04 16:48:36,167] CustomerIDFieldCannotBeEmpty - step 03: Verify message
<br>]]>
    </line>
    <line>
      <![CDATA[[INFO ] [2021-12-04 16:48:36,205]  -------------------------- PASSED -------------------------- 
<br>]]>
    </line>
    <line>
      <![CDATA[[INFO ] [2021-12-04 16:48:36,293] CustomerIDFieldMustBeNumeric - step 01: Click New Account link
<br>]]>
    </line>
    <line>
      <![CDATA[[INFO ] [2021-12-04 16:48:36,470] CustomerIDFieldMustBeNumeric - step 02: focus out customer id textbox
<br>]]>
    </line>
    <line>
      <![CDATA[[INFO ] [2021-12-04 16:48:36,556] CustomerIDFieldMustBeNumeric - step 03: Verify message
<br>]]>
    </line>
    <line>
      <![CDATA[[INFO ] [2021-12-04 16:48:36,590]  -------------------------- PASSED -------------------------- 
<br>]]>
    </line>
    <line>
      <![CDATA[[INFO ] [2021-12-04 16:48:36,591] CustomerIDFieldMustBeNumeric - step 04: focus out customer id textbox
<br>]]>
    </line>
    <line>
      <![CDATA[[INFO ] [2021-12-04 16:48:36,661] CustomerIDFieldMustBeNumeric - step 05: Verify message
<br>]]>
    </line>
    <line>
      <![CDATA[[INFO ] [2021-12-04 16:48:36,693]  -------------------------- PASSED -------------------------- 
<br>]]>
    </line>
    <line>
      <![CDATA[[INFO ] [2021-12-04 16:48:36,697] CustomerIDFieldCannotHaveSpecialCharacter - step 01: Click New Account link
<br>]]>
    </line>
    <line>
      <![CDATA[[INFO ] [2021-12-04 16:48:36,859] CustomerIDFieldCannotHaveSpecialCharacter - step 02: focus out customer id textbox
<br>]]>
    </line>
    <line>
      <![CDATA[[INFO ] [2021-12-04 16:48:36,949] CustomerIDFieldCannotHaveSpecialCharacter - step 03: Verify message
<br>]]>
    </line>
    <line>
      <![CDATA[[INFO ] [2021-12-04 16:48:36,984]  -------------------------- PASSED -------------------------- 
<br>]]>
    </line>
    <line>
      <![CDATA[[INFO ] [2021-12-04 16:48:36,984] CustomerIDFieldCannotHaveSpecialCharacter - step 04: focus out customer id textbox
<br>]]>
    </line>
    <line>
      <![CDATA[[INFO ] [2021-12-04 16:48:37,043] CustomerIDFieldCannotHaveSpecialCharacter - step 05: Verify message
<br>]]>
    </line>
    <line>
      <![CDATA[[INFO ] [2021-12-04 16:48:37,075]  -------------------------- PASSED -------------------------- 
<br>]]>
    </line>
    <line>
      <![CDATA[[INFO ] [2021-12-04 16:48:37,079] CustomerIDFieldCannotHaveBlackSpace - step 01: Click New Account link
<br>]]>
    </line>
    <line>
      <![CDATA[[INFO ] [2021-12-04 16:48:37,279] CustomerIDFieldCannotHaveBlackSpace - step 02: focus out customer id textbox
<br>]]>
    </line>
    <line>
      <![CDATA[[INFO ] [2021-12-04 16:48:37,358] CustomerIDFieldCannotHaveBlackSpace - step 03: Verify message
<br>]]>
    </line>
    <line>
      <![CDATA[[INFO ] [2021-12-04 16:48:37,390]  -------------------------- PASSED -------------------------- 
<br>]]>
    </line>
    <line>
      <![CDATA[[INFO ] [2021-12-04 16:48:37,393] CustomerIDFieldCannotHaveBlackSpace - step 01: Click New Account link
<br>]]>
    </line>
    <line>
      <![CDATA[[INFO ] [2021-12-04 16:48:37,570] CustomerIDFieldCannotHaveBlackSpace - step 02: focus out customer id textbox
<br>]]>
    </line>
    <line>
      <![CDATA[[INFO ] [2021-12-04 16:48:37,647] CustomerIDFieldCannotHaveBlackSpace - step 03: Verify message
<br>]]>
    </line>
    <line>
      <![CDATA[[INFO ] [2021-12-04 16:48:37,681]  -------------------------- PASSED -------------------------- 
<br>]]>
    </line>
    <line>
      <![CDATA[[INFO ] [2021-12-04 16:48:37,684] DepositFieldCannotBeEmpty - step 01: Click New Account link
<br>]]>
    </line>
    <line>
      <![CDATA[[INFO ] [2021-12-04 16:48:37,843] DepositFieldCannotBeEmpty - step 02: focus out deposit textbox
<br>]]>
    </line>
    <line>
      <![CDATA[[INFO ] [2021-12-04 16:48:37,993] DepositFieldCannotBeEmpty - step 03: Verify message
<br>]]>
    </line>
    <line>
      <![CDATA[[INFO ] [2021-12-04 16:48:38,037]  -------------------------- PASSED -------------------------- 
<br>]]>
    </line>
    <line>
      <![CDATA[[INFO ] [2021-12-04 16:48:38,039] DepositFieldMustBeNumeric - step 01: Click New Account link
<br>]]>
    </line>
    <line>
      <![CDATA[[INFO ] [2021-12-04 16:48:38,227] DepositFieldMustBeNumeric - step 02: focus out deposit textbox
<br>]]>
    </line>
    <line>
      <![CDATA[[INFO ] [2021-12-04 16:48:38,310] DepositFieldMustBeNumeric - step 03: Verify message
<br>]]>
    </line>
    <line>
      <![CDATA[[INFO ] [2021-12-04 16:48:38,346]  -------------------------- PASSED -------------------------- 
<br>]]>
    </line>
    <line>
      <![CDATA[[INFO ] [2021-12-04 16:48:38,346] DepositFieldMustBeNumeric - step 04: focus out deposit textbox
<br>]]>
    </line>
    <line>
      <![CDATA[[INFO ] [2021-12-04 16:48:38,409] DepositFieldMustBeNumeric - step 05: Verify message
<br>]]>
    </line>
    <line>
      <![CDATA[[INFO ] [2021-12-04 16:48:38,437]  -------------------------- PASSED -------------------------- 
<br>]]>
    </line>
    <line>
      <![CDATA[[INFO ] [2021-12-04 16:48:38,440] DepositFieldCannotHaveSpecialCharacter - step 01: Click New Account link
<br>]]>
    </line>
    <line>
      <![CDATA[[INFO ] [2021-12-04 16:48:38,601] DepositFieldCannotHaveSpecialCharacter - step 02: focus out deposit textbox
<br>]]>
    </line>
    <line>
      <![CDATA[[INFO ] [2021-12-04 16:48:38,684] DepositFieldCannotHaveSpecialCharacter - step 03: Verify message
<br>]]>
    </line>
    <line>
      <![CDATA[[INFO ] [2021-12-04 16:48:38,721]  -------------------------- PASSED -------------------------- 
<br>]]>
    </line>
    <line>
      <![CDATA[[INFO ] [2021-12-04 16:48:38,721] DepositFieldCannotHaveSpecialCharacter - step 04: focus out deposit textbox
<br>]]>
    </line>
    <line>
      <![CDATA[[INFO ] [2021-12-04 16:48:38,785] DepositFieldCannotHaveSpecialCharacter - step 05: Verify message
<br>]]>
    </line>
    <line>
      <![CDATA[[INFO ] [2021-12-04 16:48:38,813]  -------------------------- PASSED -------------------------- 
<br>]]>
    </line>
    <line>
      <![CDATA[[INFO ] [2021-12-04 16:48:38,815] DepositFieldCannotHaveBlackSpace - step 01: Click New Account link
<br>]]>
    </line>
    <line>
      <![CDATA[[INFO ] [2021-12-04 16:48:38,974] DepositFieldCannotHaveBlackSpace - step 02: focus out customer id textbox
<br>]]>
    </line>
    <line>
      <![CDATA[[INFO ] [2021-12-04 16:48:39,052] DepositFieldCannotHaveBlackSpace - step 03: Verify message
<br>]]>
    </line>
    <line>
      <![CDATA[[INFO ] [2021-12-04 16:48:39,085]  -------------------------- PASSED -------------------------- 
<br>]]>
    </line>
    <line>
      <![CDATA[[INFO ] [2021-12-04 16:48:39,087] DepositFieldFirstCharacterCannotBeSpace - step 01: Click New Account link
<br>]]>
    </line>
    <line>
      <![CDATA[[INFO ] [2021-12-04 16:48:39,246] DepositFieldFirstCharacterCannotBeSpace - step 02: focus out deposit textbox
<br>]]>
    </line>
    <line>
      <![CDATA[[INFO ] [2021-12-04 16:48:39,324] DepositFieldFirstCharacterCannotBeSpace - step 03: Verify message
<br>]]>
    </line>
    <line>
      <![CDATA[[INFO ] [2021-12-04 16:48:39,358]  -------------------------- PASSED -------------------------- 
<br>]]>
    </line>
    <line>
      <![CDATA[[INFO ] [2021-12-04 16:48:39,359] OS name = windows 10
<br>]]>
    </line>
    <line>
      <![CDATA[[INFO ] [2021-12-04 16:48:39,360] Driver instance name = windows 10
<br>]]>
    </line>
    <line>
      <![CDATA[Logging appender is closed]]>
    </line>
    <line>
      <![CDATA[[INFO ] [2021-12-04 16:48:47,918] Login - Step 02: Input to email and passwork textbox
<br>]]>
    </line>
    <line>
      <![CDATA[[INFO ] [2021-12-04 16:48:48,102] Login - Step 03: Click to login button -> Navigate to HomePage
<br>]]>
    </line>
    <line>
      <![CDATA[[INFO ] [2021-12-04 16:48:49,398] Login - Step 04: Verify 'My Account' link is displayed
<br>]]>
    </line>
    <line>
      <![CDATA[[INFO ] [2021-12-04 16:48:49,444] AccountNoFieldCannotBeEmpty - step 01: Click Edit Account link
<br>]]>
    </line>
    <line>
      <![CDATA[[INFO ] [2021-12-04 16:48:50,509] AccountNoFieldCannotBeEmpty - step 02: focus out account no textbox
<br>]]>
    </line>
    <line>
      <![CDATA[[INFO ] [2021-12-04 16:48:50,667] AccountNoFieldCannotBeEmpty - step 03: Verify message
<br>]]>
    </line>
    <line>
      <![CDATA[[INFO ] [2021-12-04 16:48:50,704]  -------------------------- PASSED -------------------------- 
<br>]]>
    </line>
    <line>
      <![CDATA[[INFO ] [2021-12-04 16:48:50,707] AccountNoFieldMustBeNumberic - step 01: Click Edit Account link
<br>]]>
    </line>
    <line>
      <![CDATA[[INFO ] [2021-12-04 16:48:51,418] AccountNoFieldMustBeNumberic - step 02: input to account no textbox
<br>]]>
    </line>
    <line>
      <![CDATA[[INFO ] [2021-12-04 16:48:51,499] AccountNoFieldMustBeNumberic - step 03: Verify message
<br>]]>
    </line>
    <line>
      <![CDATA[[INFO ] [2021-12-04 16:48:51,530]  -------------------------- PASSED -------------------------- 
<br>]]>
    </line>
    <line>
      <![CDATA[[INFO ] [2021-12-04 16:48:51,530] AccountNoFieldMustBeNumberic - step 04: input to account no textbox
<br>]]>
    </line>
    <line>
      <![CDATA[[INFO ] [2021-12-04 16:48:51,593] AccountNoFieldMustBeNumberic - step 05: Verify message
<br>]]>
    </line>
    <line>
      <![CDATA[[INFO ] [2021-12-04 16:48:51,620]  -------------------------- PASSED -------------------------- 
<br>]]>
    </line>
    <line>
      <![CDATA[[INFO ] [2021-12-04 16:48:51,623] AccountNoFieldCannotHaveSpecialCharater - step 01: Click Edit Account link
<br>]]>
    </line>
    <line>
      <![CDATA[[INFO ] [2021-12-04 16:48:52,326] AccountNoFieldCannotHaveSpecialCharater - step 02: input to account no textbox
<br>]]>
    </line>
    <line>
      <![CDATA[[INFO ] [2021-12-04 16:48:52,409] AccountNoFieldCannotHaveSpecialCharater - step 03: Verify message
<br>]]>
    </line>
    <line>
      <![CDATA[[INFO ] [2021-12-04 16:48:52,442]  -------------------------- PASSED -------------------------- 
<br>]]>
    </line>
    <line>
      <![CDATA[[INFO ] [2021-12-04 16:48:52,442] AccountNoFieldCannotHaveSpecialCharater - step 04: input to account no textbox
<br>]]>
    </line>
    <line>
      <![CDATA[[INFO ] [2021-12-04 16:48:52,510] AccountNoFieldCannotHaveSpecialCharater - step 05: Verify message
<br>]]>
    </line>
    <line>
      <![CDATA[[INFO ] [2021-12-04 16:48:52,541]  -------------------------- PASSED -------------------------- 
<br>]]>
    </line>
    <line>
      <![CDATA[[INFO ] [2021-12-04 16:48:52,544] AccountNoFieldValidAccountNumber - step 01: Click Edit Account link
<br>]]>
    </line>
    <line>
      <![CDATA[[INFO ] [2021-12-04 16:48:53,237] AccountNoFieldValidAccountNumber - step 02: input to account no textbox
<br>]]>
    </line>
    <line>
      <![CDATA[[INFO ] [2021-12-04 16:48:53,332] AccountNoFieldValidAccountNumber - step 03: input to account no textbox
<br>]]>
    </line>
    <line>
      <![CDATA[[INFO ] [2021-12-04 16:48:55,359] AccountNoFieldValidAccountNumber - step 03: Verify message
<br>]]>
    </line>
    <line>
      <![CDATA[[INFO ] [2021-12-04 16:48:55,402]  -------------------------- PASSED -------------------------- 
<br>]]>
    </line>
    <line>
      <![CDATA[[INFO ] [2021-12-04 16:48:55,404] AccountNoFieldCannotHaveBlankSpace - step 01: Click Edit Account link
<br>]]>
    </line>
    <line>
      <![CDATA[[INFO ] [2021-12-04 16:48:56,126] AccountNoFieldCannotHaveBlankSpace - step 02: input to account no textbox
<br>]]>
    </line>
    <line>
      <![CDATA[[INFO ] [2021-12-04 16:48:56,199] AccountNoFieldCannotHaveBlankSpace - step 03: Verify message
<br>]]>
    </line>
    <line>
      <![CDATA[[INFO ] [2021-12-04 16:48:56,235]  -------------------------- PASSED -------------------------- 
<br>]]>
    </line>
    <line>
      <![CDATA[[INFO ] [2021-12-04 16:48:56,237] AccountNoFieldFirstCharacerCannotHaveSpace - step 01: Click Edit Account link
<br>]]>
    </line>
    <line>
      <![CDATA[[INFO ] [2021-12-04 16:48:56,938] AccountNoFieldFirstCharacerCannotHaveSpace - step 02: input to account no textbox
<br>]]>
    </line>
    <line>
      <![CDATA[[INFO ] [2021-12-04 16:48:57,021] AccountNoFieldFirstCharacerCannotHaveSpace - step 03: Verify message
<br>]]>
    </line>
    <line>
      <![CDATA[[INFO ] [2021-12-04 16:48:57,056]  -------------------------- FAILED -------------------------- 
<br>]]>
    </line>
    <line>
      <![CDATA[[INFO ] [2021-12-04 16:48:57,062] OS name = windows 10
<br>]]>
    </line>
    <line>
      <![CDATA[[INFO ] [2021-12-04 16:48:57,062] Driver instance name = windows 10
<br>]]>
    </line>
    <line>
      <![CDATA[Logging appender is closed]]>
    </line>
    <line>
      <![CDATA[[INFO ] [2021-12-04 16:49:05,550] Login - Step 02: Input to email and passwork textbox
<br>]]>
    </line>
    <line>
      <![CDATA[[INFO ] [2021-12-04 16:49:05,732] Login - Step 03: Click to login button -> Navigate to HomePage
<br>]]>
    </line>
    <line>
      <![CDATA[[INFO ] [2021-12-04 16:49:07,402] Login - Step 04: Verify 'My Account' link is displayed
<br>]]>
    </line>
    <line>
      <![CDATA[[INFO ] [2021-12-04 16:49:07,446] AccountNoFieldCannotBeEmpty - step 01: Click Delete Account link
<br>]]>
    </line>
    <line>
      <![CDATA[[INFO ] [2021-12-04 16:49:08,251] AccountNoFieldCannotBeEmpty - step 02: focus out account no textbox
<br>]]>
    </line>
    <line>
      <![CDATA[[INFO ] [2021-12-04 16:49:08,396] AccountNoFieldCannotBeEmpty - step 03: Verify message
<br>]]>
    </line>
    <line>
      <![CDATA[[INFO ] [2021-12-04 16:49:08,433]  -------------------------- FAILED -------------------------- 
<br>]]>
    </line>
    <line>
      <![CDATA[[INFO ] [2021-12-04 16:49:08,435] AccountNoFieldMustBeNumberic - step 01: Click Delete Account link
<br>]]>
    </line>
    <line>
      <![CDATA[[INFO ] [2021-12-04 16:49:08,862] AccountNoFieldMustBeNumberic - step 02: input to account no textbox
<br>]]>
    </line>
    <line>
      <![CDATA[[INFO ] [2021-12-04 16:49:08,943] AccountNoFieldMustBeNumberic - step 03: Verify message
<br>]]>
    </line>
    <line>
      <![CDATA[[INFO ] [2021-12-04 16:49:08,977]  -------------------------- FAILED -------------------------- 
<br>]]>
    </line>
    <line>
      <![CDATA[[INFO ] [2021-12-04 16:49:08,977] AccountNoFieldMustBeNumberic - step 04: input to account no textbox
<br>]]>
    </line>
    <line>
      <![CDATA[[INFO ] [2021-12-04 16:49:09,038] AccountNoFieldMustBeNumberic - step 05: Verify message
<br>]]>
    </line>
    <line>
      <![CDATA[[INFO ] [2021-12-04 16:49:09,065]  -------------------------- FAILED -------------------------- 
<br>]]>
    </line>
    <line>
      <![CDATA[[INFO ] [2021-12-04 16:49:09,070] AccountNoFieldCannotHaveSpecialCharater - step 01: Click Delete Account link
<br>]]>
    </line>
    <line>
      <![CDATA[[INFO ] [2021-12-04 16:49:09,504] AccountNoFieldCannotHaveSpecialCharater - step 02: input to account no textbox
<br>]]>
    </line>
    <line>
      <![CDATA[[INFO ] [2021-12-04 16:49:09,585] AccountNoFieldCannotHaveSpecialCharater - step 03: Verify message
<br>]]>
    </line>
    <line>
      <![CDATA[[INFO ] [2021-12-04 16:49:09,617]  -------------------------- PASSED -------------------------- 
<br>]]>
    </line>
    <line>
      <![CDATA[[INFO ] [2021-12-04 16:49:09,617] AccountNoFieldCannotHaveSpecialCharater - step 04: input to account no textbox
<br>]]>
    </line>
    <line>
      <![CDATA[[INFO ] [2021-12-04 16:49:09,681] AccountNoFieldCannotHaveSpecialCharater - step 05: Verify message
<br>]]>
    </line>
    <line>
      <![CDATA[[INFO ] [2021-12-04 16:49:09,710]  -------------------------- PASSED -------------------------- 
<br>]]>
    </line>
    <line>
      <![CDATA[[INFO ] [2021-12-04 16:49:09,712] AccountNoFieldCannotHaveBlankSpace - step 01: Click Delete Account link
<br>]]>
    </line>
    <line>
      <![CDATA[[INFO ] [2021-12-04 16:49:10,134] AccountNoFieldCannotHaveBlankSpace - step 02: input to account no textbox
<br>]]>
    </line>
    <line>
      <![CDATA[[INFO ] [2021-12-04 16:49:10,208] AccountNoFieldCannotHaveBlankSpace - step 03: Verify message
<br>]]>
    </line>
    <line>
      <![CDATA[[INFO ] [2021-12-04 16:49:10,238]  -------------------------- PASSED -------------------------- 
<br>]]>
    </line>
    <line>
      <![CDATA[[INFO ] [2021-12-04 16:49:10,241] AccountNoFieldFirstCharacerCannotHaveSpace - step 01: Click Delete Account link
<br>]]>
    </line>
    <line>
      <![CDATA[[INFO ] [2021-12-04 16:49:10,679] AccountNoFieldFirstCharacerCannotHaveSpace - step 02: input to account no textbox
<br>]]>
    </line>
    <line>
      <![CDATA[[INFO ] [2021-12-04 16:49:10,753] AccountNoFieldFirstCharacerCannotHaveSpace - step 03: Verify message
<br>]]>
    </line>
    <line>
      <![CDATA[[INFO ] [2021-12-04 16:49:10,785]  -------------------------- FAILED -------------------------- 
<br>]]>
    </line>
    <line>
      <![CDATA[[INFO ] [2021-12-04 16:49:10,786] OS name = windows 10
<br>]]>
    </line>
    <line>
      <![CDATA[[INFO ] [2021-12-04 16:49:10,786] Driver instance name = windows 10
<br>]]>
    </line>
  </reporter-output>
  <suite name="BANK GURLU" duration-ms="47051" started-at="2021-12-04T09:48:24Z" finished-at="2021-12-04T09:49:11Z">
    <groups>
    </groups>
    <test name="Run" duration-ms="47051" started-at="2021-12-04T09:48:24Z" finished-at="2021-12-04T09:49:11Z">
      <class name="com.bankguru.account.EditAccount">
        <test-method status="PASS" signature="beforeClass(java.lang.String, java.lang.String)[pri:0, instance:com.bankguru.account.EditAccount@42deb43a]" name="beforeClass" is-config="true" duration-ms="9395" started-at="2021-12-04T09:48:40Z" finished-at="2021-12-04T09:48:49Z">
          <params>
            <param index="0">
              <value>
                <![CDATA[chrome_ui]]>
              </value>
            </param>
            <param index="1">
              <value>
                <![CDATA[http://demo.guru99.com/v4/]]>
              </value>
            </param>
          </params>
          <reporter-output>
            <line>
              <![CDATA[Logging appender is closed]]>
            </line>
            <line>
              <![CDATA[[INFO ] [2021-12-04 16:48:47,918] Login - Step 02: Input to email and passwork textbox
<br>]]>
            </line>
            <line>
              <![CDATA[[INFO ] [2021-12-04 16:48:48,102] Login - Step 03: Click to login button -> Navigate to HomePage
<br>]]>
            </line>
            <line>
              <![CDATA[[INFO ] [2021-12-04 16:48:49,398] Login - Step 04: Verify 'My Account' link is displayed
<br>]]>
            </line>
          </reporter-output>
        </test-method> <!-- beforeClass -->
        <test-method status="PASS" signature="EA_01_verifyAccountNoFieldCannotBeEmpty()[pri:0, instance:com.bankguru.account.EditAccount@42deb43a]" name="EA_01_verifyAccountNoFieldCannotBeEmpty" duration-ms="1262" started-at="2021-12-04T09:48:49Z" finished-at="2021-12-04T09:48:50Z">
          <reporter-output>
            <line>
              <![CDATA[[INFO ] [2021-12-04 16:48:49,444] AccountNoFieldCannotBeEmpty - step 01: Click Edit Account link
<br>]]>
            </line>
            <line>
              <![CDATA[[INFO ] [2021-12-04 16:48:50,509] AccountNoFieldCannotBeEmpty - step 02: focus out account no textbox
<br>]]>
            </line>
            <line>
              <![CDATA[[INFO ] [2021-12-04 16:48:50,667] AccountNoFieldCannotBeEmpty - step 03: Verify message
<br>]]>
            </line>
            <line>
              <![CDATA[[INFO ] [2021-12-04 16:48:50,704]  -------------------------- PASSED -------------------------- 
<br>]]>
            </line>
          </reporter-output>
        </test-method> <!-- EA_01_verifyAccountNoFieldCannotBeEmpty -->
        <test-method status="PASS" signature="EA_02_verifyAccountNoFieldMustBeNumberic()[pri:0, instance:com.bankguru.account.EditAccount@42deb43a]" name="EA_02_verifyAccountNoFieldMustBeNumberic" duration-ms="914" started-at="2021-12-04T09:48:50Z" finished-at="2021-12-04T09:48:51Z">
          <reporter-output>
            <line>
              <![CDATA[[INFO ] [2021-12-04 16:48:50,707] AccountNoFieldMustBeNumberic - step 01: Click Edit Account link
<br>]]>
            </line>
            <line>
              <![CDATA[[INFO ] [2021-12-04 16:48:51,418] AccountNoFieldMustBeNumberic - step 02: input to account no textbox
<br>]]>
            </line>
            <line>
              <![CDATA[[INFO ] [2021-12-04 16:48:51,499] AccountNoFieldMustBeNumberic - step 03: Verify message
<br>]]>
            </line>
            <line>
              <![CDATA[[INFO ] [2021-12-04 16:48:51,530]  -------------------------- PASSED -------------------------- 
<br>]]>
            </line>
            <line>
              <![CDATA[[INFO ] [2021-12-04 16:48:51,530] AccountNoFieldMustBeNumberic - step 04: input to account no textbox
<br>]]>
            </line>
            <line>
              <![CDATA[[INFO ] [2021-12-04 16:48:51,593] AccountNoFieldMustBeNumberic - step 05: Verify message
<br>]]>
            </line>
            <line>
              <![CDATA[[INFO ] [2021-12-04 16:48:51,620]  -------------------------- PASSED -------------------------- 
<br>]]>
            </line>
          </reporter-output>
        </test-method> <!-- EA_02_verifyAccountNoFieldMustBeNumberic -->
        <test-method status="PASS" signature="EA_03_verifyAccountNoFieldCannotHaveSpecialCharater()[pri:0, instance:com.bankguru.account.EditAccount@42deb43a]" name="EA_03_verifyAccountNoFieldCannotHaveSpecialCharater" duration-ms="919" started-at="2021-12-04T09:48:51Z" finished-at="2021-12-04T09:48:52Z">
          <reporter-output>
            <line>
              <![CDATA[[INFO ] [2021-12-04 16:48:51,623] AccountNoFieldCannotHaveSpecialCharater - step 01: Click Edit Account link
<br>]]>
            </line>
            <line>
              <![CDATA[[INFO ] [2021-12-04 16:48:52,326] AccountNoFieldCannotHaveSpecialCharater - step 02: input to account no textbox
<br>]]>
            </line>
            <line>
              <![CDATA[[INFO ] [2021-12-04 16:48:52,409] AccountNoFieldCannotHaveSpecialCharater - step 03: Verify message
<br>]]>
            </line>
            <line>
              <![CDATA[[INFO ] [2021-12-04 16:48:52,442]  -------------------------- PASSED -------------------------- 
<br>]]>
            </line>
            <line>
              <![CDATA[[INFO ] [2021-12-04 16:48:52,442] AccountNoFieldCannotHaveSpecialCharater - step 04: input to account no textbox
<br>]]>
            </line>
            <line>
              <![CDATA[[INFO ] [2021-12-04 16:48:52,510] AccountNoFieldCannotHaveSpecialCharater - step 05: Verify message
<br>]]>
            </line>
            <line>
              <![CDATA[[INFO ] [2021-12-04 16:48:52,541]  -------------------------- PASSED -------------------------- 
<br>]]>
            </line>
          </reporter-output>
        </test-method> <!-- EA_03_verifyAccountNoFieldCannotHaveSpecialCharater -->
        <test-method status="PASS" signature="EA_04_verifyAccountNoFieldValidAccountNumber()[pri:0, instance:com.bankguru.account.EditAccount@42deb43a]" name="EA_04_verifyAccountNoFieldValidAccountNumber" duration-ms="2860" started-at="2021-12-04T09:48:52Z" finished-at="2021-12-04T09:48:55Z">
          <reporter-output>
            <line>
              <![CDATA[[INFO ] [2021-12-04 16:48:52,544] AccountNoFieldValidAccountNumber - step 01: Click Edit Account link
<br>]]>
            </line>
            <line>
              <![CDATA[[INFO ] [2021-12-04 16:48:53,237] AccountNoFieldValidAccountNumber - step 02: input to account no textbox
<br>]]>
            </line>
            <line>
              <![CDATA[[INFO ] [2021-12-04 16:48:53,332] AccountNoFieldValidAccountNumber - step 03: input to account no textbox
<br>]]>
            </line>
            <line>
              <![CDATA[[INFO ] [2021-12-04 16:48:55,359] AccountNoFieldValidAccountNumber - step 03: Verify message
<br>]]>
            </line>
            <line>
              <![CDATA[[INFO ] [2021-12-04 16:48:55,402]  -------------------------- PASSED -------------------------- 
<br>]]>
            </line>
          </reporter-output>
        </test-method> <!-- EA_04_verifyAccountNoFieldValidAccountNumber -->
        <test-method status="PASS" signature="EA_05_verifyAccountNoFieldCannotHaveBlankSpace()[pri:0, instance:com.bankguru.account.EditAccount@42deb43a]" name="EA_05_verifyAccountNoFieldCannotHaveBlankSpace" duration-ms="832" started-at="2021-12-04T09:48:55Z" finished-at="2021-12-04T09:48:56Z">
          <reporter-output>
            <line>
              <![CDATA[[INFO ] [2021-12-04 16:48:55,404] AccountNoFieldCannotHaveBlankSpace - step 01: Click Edit Account link
<br>]]>
            </line>
            <line>
              <![CDATA[[INFO ] [2021-12-04 16:48:56,126] AccountNoFieldCannotHaveBlankSpace - step 02: input to account no textbox
<br>]]>
            </line>
            <line>
              <![CDATA[[INFO ] [2021-12-04 16:48:56,199] AccountNoFieldCannotHaveBlankSpace - step 03: Verify message
<br>]]>
            </line>
            <line>
              <![CDATA[[INFO ] [2021-12-04 16:48:56,235]  -------------------------- PASSED -------------------------- 
<br>]]>
            </line>
          </reporter-output>
        </test-method> <!-- EA_05_verifyAccountNoFieldCannotHaveBlankSpace -->
        <test-method status="FAIL" signature="EA_06_verifyAccountNoFieldFirstCharacerCannotHaveSpace()[pri:0, instance:com.bankguru.account.EditAccount@42deb43a]" name="EA_06_verifyAccountNoFieldFirstCharacerCannotHaveSpace" duration-ms="820" started-at="2021-12-04T09:48:56Z" finished-at="2021-12-04T09:48:57Z">
          <exception class="java.lang.AssertionError">
            <message>
              <![CDATA[expected [First character can not have space] but found [Characters are not allowed]]]>
            </message>
            <full-stacktrace>
              <![CDATA[java.lang.AssertionError: expected [First character can not have space] but found [Characters are not allowed]
at org.testng.Assert.fail(Assert.java:96)
at org.testng.Assert.failNotEquals(Assert.java:776)
at org.testng.Assert.assertEqualsImpl(Assert.java:137)
at org.testng.Assert.assertEquals(Assert.java:118)
at org.testng.Assert.assertEquals(Assert.java:442)
at commons.AbstractTest.checkEquals(AbstractTest.java:195)
at commons.AbstractTest.verifyEquals(AbstractTest.java:207)
at com.bankguru.account.EditAccount.EA_06_verifyAccountNoFieldFirstCharacerCannotHaveSpace(EditAccount.java:142)
at sun.reflect.NativeMethodAccessorImpl.invoke0(Native Method)
at sun.reflect.NativeMethodAccessorImpl.invoke(NativeMethodAccessorImpl.java:62)
at sun.reflect.DelegatingMethodAccessorImpl.invoke(DelegatingMethodAccessorImpl.java:43)
at java.lang.reflect.Method.invoke(Method.java:498)
at org.testng.internal.MethodInvocationHelper.invokeMethod(MethodInvocationHelper.java:124)
at org.testng.internal.Invoker.invokeMethod(Invoker.java:583)
at org.testng.internal.Invoker.invokeTestMethod(Invoker.java:719)
at org.testng.internal.Invoker.invokeTestMethods(Invoker.java:989)
at org.testng.internal.TestMethodWorker.invokeTestMethods(TestMethodWorker.java:125)
at org.testng.internal.TestMethodWorker.run(TestMethodWorker.java:109)
at org.testng.TestRunner.privateRun(TestRunner.java:648)
at org.testng.TestRunner.run(TestRunner.java:505)
at org.testng.SuiteRunner.runTest(SuiteRunner.java:455)
at org.testng.SuiteRunner.runSequentially(SuiteRunner.java:450)
at org.testng.SuiteRunner.privateRun(SuiteRunner.java:415)
at org.testng.SuiteRunner.run(SuiteRunner.java:364)
at org.testng.SuiteRunnerWorker.runSuite(SuiteRunnerWorker.java:52)
at org.testng.SuiteRunnerWorker.run(SuiteRunnerWorker.java:84)
at org.testng.TestNG.runSuitesSequentially(TestNG.java:1208)
at org.testng.TestNG.runSuitesLocally(TestNG.java:1137)
at org.testng.TestNG.runSuites(TestNG.java:1049)
at org.testng.TestNG.run(TestNG.java:1017)
at org.testng.remote.AbstractRemoteTestNG.run(AbstractRemoteTestNG.java:115)
at org.testng.remote.RemoteTestNG.initAndRun(RemoteTestNG.java:251)
at org.testng.remote.RemoteTestNG.main(RemoteTestNG.java:77)
]]>
            </full-stacktrace>
          </exception> <!-- java.lang.AssertionError -->
          <reporter-output>
            <line>
              <![CDATA[[INFO ] [2021-12-04 16:48:56,237] AccountNoFieldFirstCharacerCannotHaveSpace - step 01: Click Edit Account link
<br>]]>
            </line>
            <line>
              <![CDATA[[INFO ] [2021-12-04 16:48:56,938] AccountNoFieldFirstCharacerCannotHaveSpace - step 02: input to account no textbox
<br>]]>
            </line>
            <line>
              <![CDATA[[INFO ] [2021-12-04 16:48:57,021] AccountNoFieldFirstCharacerCannotHaveSpace - step 03: Verify message
<br>]]>
            </line>
            <line>
              <![CDATA[[INFO ] [2021-12-04 16:48:57,056]  -------------------------- FAILED -------------------------- 
<br>]]>
            </line>
          </reporter-output>
        </test-method> <!-- EA_06_verifyAccountNoFieldFirstCharacerCannotHaveSpace -->
        <test-method status="PASS" signature="afterClass()[pri:0, instance:com.bankguru.account.EditAccount@42deb43a]" name="afterClass" is-config="true" duration-ms="756" started-at="2021-12-04T09:48:57Z" finished-at="2021-12-04T09:48:57Z">
          <reporter-output>
            <line>
              <![CDATA[[INFO ] [2021-12-04 16:48:57,062] OS name = windows 10
<br>]]>
            </line>
            <line>
              <![CDATA[[INFO ] [2021-12-04 16:48:57,062] Driver instance name = windows 10
<br>]]>
            </line>
          </reporter-output>
        </test-method> <!-- afterClass -->
      </class> <!-- com.bankguru.account.EditAccount -->
      <class name="com.bankguru.account.NewAccount">
        <test-method status="PASS" signature="beforeClass(java.lang.String, java.lang.String)[pri:0, instance:com.bankguru.account.NewAccount@6058e535]" name="beforeClass" is-config="true" duration-ms="10948" started-at="2021-12-04T09:48:24Z" finished-at="2021-12-04T09:48:35Z">
          <params>
            <param index="0">
              <value>
                <![CDATA[chrome_ui]]>
              </value>
            </param>
            <param index="1">
              <value>
                <![CDATA[http://demo.guru99.com/v4/]]>
              </value>
            </param>
          </params>
          <reporter-output>
            <line>
              <![CDATA[Logging appender is closed]]>
            </line>
            <line>
              <![CDATA[[INFO ] [2021-12-04 16:48:33,113] Login - Step 02: Input to email and passwork textbox
<br>]]>
            </line>
            <line>
              <![CDATA[[INFO ] [2021-12-04 16:48:33,352] Login - Step 03: Click to login button -> Navigate to HomePage
<br>]]>
            </line>
            <line>
              <![CDATA[[INFO ] [2021-12-04 16:48:35,346] Login - Step 04: Verify 'My Account' link is displayed
<br>]]>
            </line>
          </reporter-output>
        </test-method> <!-- beforeClass -->
        <test-method status="PASS" signature="NA_01_verifyCustomerIDFieldCannotBeEmpty()[pri:0, instance:com.bankguru.account.NewAccount@6058e535]" name="NA_01_verifyCustomerIDFieldCannotBeEmpty" duration-ms="800" started-at="2021-12-04T09:48:35Z" finished-at="2021-12-04T09:48:36Z">
          <reporter-output>
            <line>
              <![CDATA[[INFO ] [2021-12-04 16:48:35,445] CustomerIDFieldCannotBeEmpty - step 01: Click New Account link
<br>]]>
            </line>
            <line>
              <![CDATA[[INFO ] [2021-12-04 16:48:35,994] CustomerIDFieldCannotBeEmpty - step 02: focus out customer id textbox
<br>]]>
            </line>
            <line>
              <![CDATA[[INFO ] [2021-12-04 16:48:36,167] CustomerIDFieldCannotBeEmpty - step 03: Verify message
<br>]]>
            </line>
            <line>
              <![CDATA[[INFO ] [2021-12-04 16:48:36,205]  -------------------------- PASSED -------------------------- 
<br>]]>
            </line>
          </reporter-output>
        </test-method> <!-- NA_01_verifyCustomerIDFieldCannotBeEmpty -->
        <test-method status="PASS" signature="NA_02_verifyCustomerIDFieldMustBeNumeric()[pri:0, instance:com.bankguru.account.NewAccount@6058e535]" name="NA_02_verifyCustomerIDFieldMustBeNumeric" duration-ms="402" started-at="2021-12-04T09:48:36Z" finished-at="2021-12-04T09:48:36Z">
          <reporter-output>
            <line>
              <![CDATA[[INFO ] [2021-12-04 16:48:36,293] CustomerIDFieldMustBeNumeric - step 01: Click New Account link
<br>]]>
            </line>
            <line>
              <![CDATA[[INFO ] [2021-12-04 16:48:36,470] CustomerIDFieldMustBeNumeric - step 02: focus out customer id textbox
<br>]]>
            </line>
            <line>
              <![CDATA[[INFO ] [2021-12-04 16:48:36,556] CustomerIDFieldMustBeNumeric - step 03: Verify message
<br>]]>
            </line>
            <line>
              <![CDATA[[INFO ] [2021-12-04 16:48:36,590]  -------------------------- PASSED -------------------------- 
<br>]]>
            </line>
            <line>
              <![CDATA[[INFO ] [2021-12-04 16:48:36,591] CustomerIDFieldMustBeNumeric - step 04: focus out customer id textbox
<br>]]>
            </line>
            <line>
              <![CDATA[[INFO ] [2021-12-04 16:48:36,661] CustomerIDFieldMustBeNumeric - step 05: Verify message
<br>]]>
            </line>
            <line>
              <![CDATA[[INFO ] [2021-12-04 16:48:36,693]  -------------------------- PASSED -------------------------- 
<br>]]>
            </line>
          </reporter-output>
        </test-method> <!-- NA_02_verifyCustomerIDFieldMustBeNumeric -->
        <test-method status="PASS" signature="NA_03_verifyCustomerIDFieldCannotHaveSpecialCharacter()[pri:0, instance:com.bankguru.account.NewAccount@6058e535]" name="NA_03_verifyCustomerIDFieldCannotHaveSpecialCharacter" duration-ms="380" started-at="2021-12-04T09:48:36Z" finished-at="2021-12-04T09:48:37Z">
          <reporter-output>
            <line>
              <![CDATA[[INFO ] [2021-12-04 16:48:36,697] CustomerIDFieldCannotHaveSpecialCharacter - step 01: Click New Account link
<br>]]>
            </line>
            <line>
              <![CDATA[[INFO ] [2021-12-04 16:48:36,859] CustomerIDFieldCannotHaveSpecialCharacter - step 02: focus out customer id textbox
<br>]]>
            </line>
            <line>
              <![CDATA[[INFO ] [2021-12-04 16:48:36,949] CustomerIDFieldCannotHaveSpecialCharacter - step 03: Verify message
<br>]]>
            </line>
            <line>
              <![CDATA[[INFO ] [2021-12-04 16:48:36,984]  -------------------------- PASSED -------------------------- 
<br>]]>
            </line>
            <line>
              <![CDATA[[INFO ] [2021-12-04 16:48:36,984] CustomerIDFieldCannotHaveSpecialCharacter - step 04: focus out customer id textbox
<br>]]>
            </line>
            <line>
              <![CDATA[[INFO ] [2021-12-04 16:48:37,043] CustomerIDFieldCannotHaveSpecialCharacter - step 05: Verify message
<br>]]>
            </line>
            <line>
              <![CDATA[[INFO ] [2021-12-04 16:48:37,075]  -------------------------- PASSED -------------------------- 
<br>]]>
            </line>
          </reporter-output>
        </test-method> <!-- NA_03_verifyCustomerIDFieldCannotHaveSpecialCharacter -->
        <test-method status="PASS" signature="NA_04_verifyCustomerIDFieldCannotHaveBlackSpace()[pri:0, instance:com.bankguru.account.NewAccount@6058e535]" name="NA_04_verifyCustomerIDFieldCannotHaveBlackSpace" duration-ms="313" started-at="2021-12-04T09:48:37Z" finished-at="2021-12-04T09:48:37Z">
          <reporter-output>
            <line>
              <![CDATA[[INFO ] [2021-12-04 16:48:37,079] CustomerIDFieldCannotHaveBlackSpace - step 01: Click New Account link
<br>]]>
            </line>
            <line>
              <![CDATA[[INFO ] [2021-12-04 16:48:37,279] CustomerIDFieldCannotHaveBlackSpace - step 02: focus out customer id textbox
<br>]]>
            </line>
            <line>
              <![CDATA[[INFO ] [2021-12-04 16:48:37,358] CustomerIDFieldCannotHaveBlackSpace - step 03: Verify message
<br>]]>
            </line>
            <line>
              <![CDATA[[INFO ] [2021-12-04 16:48:37,390]  -------------------------- PASSED -------------------------- 
<br>]]>
            </line>
          </reporter-output>
        </test-method> <!-- NA_04_verifyCustomerIDFieldCannotHaveBlackSpace -->
        <test-method status="PASS" signature="NA_05_verifyCustomerIDFieldFirstCharacterCannotBeSpace()[pri:0, instance:com.bankguru.account.NewAccount@6058e535]" name="NA_05_verifyCustomerIDFieldFirstCharacterCannotBeSpace" duration-ms="289" started-at="2021-12-04T09:48:37Z" finished-at="2021-12-04T09:48:37Z">
          <reporter-output>
            <line>
              <![CDATA[[INFO ] [2021-12-04 16:48:37,393] CustomerIDFieldCannotHaveBlackSpace - step 01: Click New Account link
<br>]]>
            </line>
            <line>
              <![CDATA[[INFO ] [2021-12-04 16:48:37,570] CustomerIDFieldCannotHaveBlackSpace - step 02: focus out customer id textbox
<br>]]>
            </line>
            <line>
              <![CDATA[[INFO ] [2021-12-04 16:48:37,647] CustomerIDFieldCannotHaveBlackSpace - step 03: Verify message
<br>]]>
            </line>
            <line>
              <![CDATA[[INFO ] [2021-12-04 16:48:37,681]  -------------------------- PASSED -------------------------- 
<br>]]>
            </line>
          </reporter-output>
        </test-method> <!-- NA_05_verifyCustomerIDFieldFirstCharacterCannotBeSpace -->
        <test-method status="PASS" signature="NA_06_verifyDepositFieldCannotBeEmpty()[pri:0, instance:com.bankguru.account.NewAccount@6058e535]" name="NA_06_verifyDepositFieldCannotBeEmpty" duration-ms="355" started-at="2021-12-04T09:48:37Z" finished-at="2021-12-04T09:48:38Z">
          <reporter-output>
            <line>
              <![CDATA[[INFO ] [2021-12-04 16:48:37,684] DepositFieldCannotBeEmpty - step 01: Click New Account link
<br>]]>
            </line>
            <line>
              <![CDATA[[INFO ] [2021-12-04 16:48:37,843] DepositFieldCannotBeEmpty - step 02: focus out deposit textbox
<br>]]>
            </line>
            <line>
              <![CDATA[[INFO ] [2021-12-04 16:48:37,993] DepositFieldCannotBeEmpty - step 03: Verify message
<br>]]>
            </line>
            <line>
              <![CDATA[[INFO ] [2021-12-04 16:48:38,037]  -------------------------- PASSED -------------------------- 
<br>]]>
            </line>
          </reporter-output>
        </test-method> <!-- NA_06_verifyDepositFieldCannotBeEmpty -->
        <test-method status="PASS" signature="NA_07_verifyDepositFieldMustBeNumeric()[pri:0, instance:com.bankguru.account.NewAccount@6058e535]" name="NA_07_verifyDepositFieldMustBeNumeric" duration-ms="399" started-at="2021-12-04T09:48:38Z" finished-at="2021-12-04T09:48:38Z">
          <reporter-output>
            <line>
              <![CDATA[[INFO ] [2021-12-04 16:48:38,039] DepositFieldMustBeNumeric - step 01: Click New Account link
<br>]]>
            </line>
            <line>
              <![CDATA[[INFO ] [2021-12-04 16:48:38,227] DepositFieldMustBeNumeric - step 02: focus out deposit textbox
<br>]]>
            </line>
            <line>
              <![CDATA[[INFO ] [2021-12-04 16:48:38,310] DepositFieldMustBeNumeric - step 03: Verify message
<br>]]>
            </line>
            <line>
              <![CDATA[[INFO ] [2021-12-04 16:48:38,346]  -------------------------- PASSED -------------------------- 
<br>]]>
            </line>
            <line>
              <![CDATA[[INFO ] [2021-12-04 16:48:38,346] DepositFieldMustBeNumeric - step 04: focus out deposit textbox
<br>]]>
            </line>
            <line>
              <![CDATA[[INFO ] [2021-12-04 16:48:38,409] DepositFieldMustBeNumeric - step 05: Verify message
<br>]]>
            </line>
            <line>
              <![CDATA[[INFO ] [2021-12-04 16:48:38,437]  -------------------------- PASSED -------------------------- 
<br>]]>
            </line>
          </reporter-output>
        </test-method> <!-- NA_07_verifyDepositFieldMustBeNumeric -->
        <test-method status="PASS" signature="NA_08_verifyDepositFieldCannotHaveSpecialCharacter()[pri:0, instance:com.bankguru.account.NewAccount@6058e535]" name="NA_08_verifyDepositFieldCannotHaveSpecialCharacter" duration-ms="374" started-at="2021-12-04T09:48:38Z" finished-at="2021-12-04T09:48:38Z">
          <reporter-output>
            <line>
              <![CDATA[[INFO ] [2021-12-04 16:48:38,440] DepositFieldCannotHaveSpecialCharacter - step 01: Click New Account link
<br>]]>
            </line>
            <line>
              <![CDATA[[INFO ] [2021-12-04 16:48:38,601] DepositFieldCannotHaveSpecialCharacter - step 02: focus out deposit textbox
<br>]]>
            </line>
            <line>
              <![CDATA[[INFO ] [2021-12-04 16:48:38,684] DepositFieldCannotHaveSpecialCharacter - step 03: Verify message
<br>]]>
            </line>
            <line>
              <![CDATA[[INFO ] [2021-12-04 16:48:38,721]  -------------------------- PASSED -------------------------- 
<br>]]>
            </line>
            <line>
              <![CDATA[[INFO ] [2021-12-04 16:48:38,721] DepositFieldCannotHaveSpecialCharacter - step 04: focus out deposit textbox
<br>]]>
            </line>
            <line>
              <![CDATA[[INFO ] [2021-12-04 16:48:38,785] DepositFieldCannotHaveSpecialCharacter - step 05: Verify message
<br>]]>
            </line>
            <line>
              <![CDATA[[INFO ] [2021-12-04 16:48:38,813]  -------------------------- PASSED -------------------------- 
<br>]]>
            </line>
          </reporter-output>
        </test-method> <!-- NA_08_verifyDepositFieldCannotHaveSpecialCharacter -->
        <test-method status="PASS" signature="NA_09_verifyDepositFieldCannotHaveBlackSpace()[pri:0, instance:com.bankguru.account.NewAccount@6058e535]" name="NA_09_verifyDepositFieldCannotHaveBlackSpace" duration-ms="271" started-at="2021-12-04T09:48:38Z" finished-at="2021-12-04T09:48:39Z">
          <reporter-output>
            <line>
              <![CDATA[[INFO ] [2021-12-04 16:48:38,815] DepositFieldCannotHaveBlackSpace - step 01: Click New Account link
<br>]]>
            </line>
            <line>
              <![CDATA[[INFO ] [2021-12-04 16:48:38,974] DepositFieldCannotHaveBlackSpace - step 02: focus out customer id textbox
<br>]]>
            </line>
            <line>
              <![CDATA[[INFO ] [2021-12-04 16:48:39,052] DepositFieldCannotHaveBlackSpace - step 03: Verify message
<br>]]>
            </line>
            <line>
              <![CDATA[[INFO ] [2021-12-04 16:48:39,085]  -------------------------- PASSED -------------------------- 
<br>]]>
            </line>
          </reporter-output>
        </test-method> <!-- NA_09_verifyDepositFieldCannotHaveBlackSpace -->
        <test-method status="PASS" signature="NA_10_verifyDepositFieldFirstCharacterCannotBeSpace()[pri:0, instance:com.bankguru.account.NewAccount@6058e535]" name="NA_10_verifyDepositFieldFirstCharacterCannotBeSpace" duration-ms="272" started-at="2021-12-04T09:48:39Z" finished-at="2021-12-04T09:48:39Z">
          <reporter-output>
            <line>
              <![CDATA[[INFO ] [2021-12-04 16:48:39,087] DepositFieldFirstCharacterCannotBeSpace - step 01: Click New Account link
<br>]]>
            </line>
            <line>
              <![CDATA[[INFO ] [2021-12-04 16:48:39,246] DepositFieldFirstCharacterCannotBeSpace - step 02: focus out deposit textbox
<br>]]>
            </line>
            <line>
              <![CDATA[[INFO ] [2021-12-04 16:48:39,324] DepositFieldFirstCharacterCannotBeSpace - step 03: Verify message
<br>]]>
            </line>
            <line>
              <![CDATA[[INFO ] [2021-12-04 16:48:39,358]  -------------------------- PASSED -------------------------- 
<br>]]>
            </line>
          </reporter-output>
        </test-method> <!-- NA_10_verifyDepositFieldFirstCharacterCannotBeSpace -->
        <test-method status="PASS" signature="afterClass()[pri:0, instance:com.bankguru.account.NewAccount@6058e535]" name="afterClass" is-config="true" duration-ms="686" started-at="2021-12-04T09:48:39Z" finished-at="2021-12-04T09:48:40Z">
          <reporter-output>
            <line>
              <![CDATA[[INFO ] [2021-12-04 16:48:39,359] OS name = windows 10
<br>]]>
            </line>
            <line>
              <![CDATA[[INFO ] [2021-12-04 16:48:39,360] Driver instance name = windows 10
<br>]]>
            </line>
          </reporter-output>
        </test-method> <!-- afterClass -->
      </class> <!-- com.bankguru.account.NewAccount -->
      <class name="com.bankguru.account.DeleteAccount">
        <test-method status="PASS" signature="beforeClass(java.lang.String, java.lang.String)[pri:0, instance:com.bankguru.account.DeleteAccount@1deb2c43]" name="beforeClass" is-config="true" duration-ms="9627" started-at="2021-12-04T09:48:57Z" finished-at="2021-12-04T09:49:07Z">
          <params>
            <param index="0">
              <value>
                <![CDATA[chrome_ui]]>
              </value>
            </param>
            <param index="1">
              <value>
                <![CDATA[http://demo.guru99.com/v4/]]>
              </value>
            </param>
          </params>
          <reporter-output>
            <line>
              <![CDATA[Logging appender is closed]]>
            </line>
            <line>
              <![CDATA[[INFO ] [2021-12-04 16:49:05,550] Login - Step 02: Input to email and passwork textbox
<br>]]>
            </line>
            <line>
              <![CDATA[[INFO ] [2021-12-04 16:49:05,732] Login - Step 03: Click to login button -> Navigate to HomePage
<br>]]>
            </line>
            <line>
              <![CDATA[[INFO ] [2021-12-04 16:49:07,402] Login - Step 04: Verify 'My Account' link is displayed
<br>]]>
            </line>
          </reporter-output>
        </test-method> <!-- beforeClass -->
        <test-method status="FAIL" signature="DA_01_verifyAccountNoFieldCannotBeEmpty()[pri:0, instance:com.bankguru.account.DeleteAccount@1deb2c43]" name="DA_01_verifyAccountNoFieldCannotBeEmpty" duration-ms="988" started-at="2021-12-04T09:49:07Z" finished-at="2021-12-04T09:49:08Z">
          <exception class="java.lang.AssertionError">
            <message>
              <![CDATA[expected [Customer ID is required] but found [Account Number must not be blank]]]>
            </message>
            <full-stacktrace>
              <![CDATA[java.lang.AssertionError: expected [Customer ID is required] but found [Account Number must not be blank]
at org.testng.Assert.fail(Assert.java:96)
at org.testng.Assert.failNotEquals(Assert.java:776)
at org.testng.Assert.assertEqualsImpl(Assert.java:137)
at org.testng.Assert.assertEquals(Assert.java:118)
at org.testng.Assert.assertEquals(Assert.java:442)
at commons.AbstractTest.checkEquals(AbstractTest.java:195)
at commons.AbstractTest.verifyEquals(AbstractTest.java:207)
at com.bankguru.account.DeleteAccount.DA_01_verifyAccountNoFieldCannotBeEmpty(DeleteAccount.java:51)
at sun.reflect.NativeMethodAccessorImpl.invoke0(Native Method)
at sun.reflect.NativeMethodAccessorImpl.invoke(NativeMethodAccessorImpl.java:62)
at sun.reflect.DelegatingMethodAccessorImpl.invoke(DelegatingMethodAccessorImpl.java:43)
at java.lang.reflect.Method.invoke(Method.java:498)
at org.testng.internal.MethodInvocationHelper.invokeMethod(MethodInvocationHelper.java:124)
at org.testng.internal.Invoker.invokeMethod(Invoker.java:583)
at org.testng.internal.Invoker.invokeTestMethod(Invoker.java:719)
at org.testng.internal.Invoker.invokeTestMethods(Invoker.java:989)
at org.testng.internal.TestMethodWorker.invokeTestMethods(TestMethodWorker.java:125)
at org.testng.internal.TestMethodWorker.run(TestMethodWorker.java:109)
at org.testng.TestRunner.privateRun(TestRunner.java:648)
at org.testng.TestRunner.run(TestRunner.java:505)
at org.testng.SuiteRunner.runTest(SuiteRunner.java:455)
at org.testng.SuiteRunner.runSequentially(SuiteRunner.java:450)
at org.testng.SuiteRunner.privateRun(SuiteRunner.java:415)
at org.testng.SuiteRunner.run(SuiteRunner.java:364)
at org.testng.SuiteRunnerWorker.runSuite(SuiteRunnerWorker.java:52)
at org.testng.SuiteRunnerWorker.run(SuiteRunnerWorker.java:84)
at org.testng.TestNG.runSuitesSequentially(TestNG.java:1208)
at org.testng.TestNG.runSuitesLocally(TestNG.java:1137)
at org.testng.TestNG.runSuites(TestNG.java:1049)
at org.testng.TestNG.run(TestNG.java:1017)
at org.testng.remote.AbstractRemoteTestNG.run(AbstractRemoteTestNG.java:115)
at org.testng.remote.RemoteTestNG.initAndRun(RemoteTestNG.java:251)
at org.testng.remote.RemoteTestNG.main(RemoteTestNG.java:77)
]]>
            </full-stacktrace>
          </exception> <!-- java.lang.AssertionError -->
          <reporter-output>
            <line>
              <![CDATA[[INFO ] [2021-12-04 16:49:07,446] AccountNoFieldCannotBeEmpty - step 01: Click Delete Account link
<br>]]>
            </line>
            <line>
              <![CDATA[[INFO ] [2021-12-04 16:49:08,251] AccountNoFieldCannotBeEmpty - step 02: focus out account no textbox
<br>]]>
            </line>
            <line>
              <![CDATA[[INFO ] [2021-12-04 16:49:08,396] AccountNoFieldCannotBeEmpty - step 03: Verify message
<br>]]>
            </line>
            <line>
              <![CDATA[[INFO ] [2021-12-04 16:49:08,433]  -------------------------- FAILED -------------------------- 
<br>]]>
            </line>
          </reporter-output>
        </test-method> <!-- DA_01_verifyAccountNoFieldCannotBeEmpty -->
        <test-method status="FAIL" signature="DA_02_verifyAccountNoFieldMustBeNumberic()[pri:0, instance:com.bankguru.account.DeleteAccount@1deb2c43]" name="DA_02_verifyAccountNoFieldMustBeNumberic" duration-ms="632" started-at="2021-12-04T09:49:08Z" finished-at="2021-12-04T09:49:09Z">
          <exception class="java.lang.Throwable">
            <message>
              <![CDATA[Multiple failures (2):
Failure 1 of 2
java.lang.AssertionError: expected [Account Number must not be blank] but found [Characters are not allowed]
at org.testng.Assert.fail(Assert.java:96)
at org.testng.Assert.failNotEquals(Assert.java:776)
at org.testng.Assert.assertEqualsImpl(Assert.java:137)
at org.testng.Assert.assertEquals(Assert.java:118)
at org.testng.Assert.assertEquals(Assert.java:442)
at commons.AbstractTest.checkEquals(AbstractTest.java:195)
at commons.AbstractTest.verifyEquals(AbstractTest.java:207)
at com.bankguru.account.DeleteAccount.DA_02_verifyAccountNoFieldMustBeNumberic(DeleteAccount.java:65)
at sun.reflect.NativeMethodAccessorImpl.invoke0(Native Method)
at sun.reflect.NativeMethodAccessorImpl.invoke(NativeMethodAccessorImpl.java:62)
at sun.reflect.DelegatingMethodAccessorImpl.invoke(DelegatingMethodAccessorImpl.java:43)
at java.lang.reflect.Method.invoke(Method.java:498)
at org.testng.internal.MethodInvocationHelper.invokeMethod(MethodInvocationHelper.java:124)
at org.testng.internal.Invoker.invokeMethod(Invoker.java:583)
at org.testng.internal.Invoker.invokeTestMethod(Invoker.java:719)
at org.testng.internal.Invoker.invokeTestMethods(Invoker.java:989)
at org.testng.internal.TestMethodWorker.invokeTestMethods(TestMethodWorker.java:125)
at org.testng.internal.TestMethodWorker.run(TestMethodWorker.java:109)
at org.testng.TestRunner.privateRun(TestRunner.java:648)
at org.testng.TestRunner.run(TestRunner.java:505)
at org.testng.SuiteRunner.runTest(SuiteRunner.java:455)
at org.testng.SuiteRunner.runSequentially(SuiteRunner.java:450)
at org.testng.SuiteRunner.privateRun(SuiteRunner.java:415)
at org.testng.SuiteRunner.run(SuiteRunner.java:364)
at org.testng.SuiteRunnerWorker.runSuite(SuiteRunnerWorker.java:52)
at org.testng.SuiteRunnerWorker.run(SuiteRunnerWorker.java:84)
at org.testng.TestNG.runSuitesSequentially(TestNG.java:1208)
at org.testng.TestNG.runSuitesLocally(TestNG.java:1137)
at org.testng.TestNG.runSuites(TestNG.java:1049)
at org.testng.TestNG.run(TestNG.java:1017)
at org.testng.remote.AbstractRemoteTestNG.run(AbstractRemoteTestNG.java:115)
at org.testng.remote.RemoteTestNG.initAndRun(RemoteTestNG.java:251)
at org.testng.remote.RemoteTestNG.main(RemoteTestNG.java:77)

Failure 2 of 2
java.lang.AssertionError: expected [Account Number must not be blank] but found [Characters are not allowed]]]>
            </message>
            <full-stacktrace>
              <![CDATA[java.lang.Throwable: Multiple failures (2):
Failure 1 of 2
java.lang.AssertionError: expected [Account Number must not be blank] but found [Characters are not allowed]
at org.testng.Assert.fail(Assert.java:96)
at org.testng.Assert.failNotEquals(Assert.java:776)
at org.testng.Assert.assertEqualsImpl(Assert.java:137)
at org.testng.Assert.assertEquals(Assert.java:118)
at org.testng.Assert.assertEquals(Assert.java:442)
at commons.AbstractTest.checkEquals(AbstractTest.java:195)
at commons.AbstractTest.verifyEquals(AbstractTest.java:207)
at com.bankguru.account.DeleteAccount.DA_02_verifyAccountNoFieldMustBeNumberic(DeleteAccount.java:65)
at sun.reflect.NativeMethodAccessorImpl.invoke0(Native Method)
at sun.reflect.NativeMethodAccessorImpl.invoke(NativeMethodAccessorImpl.java:62)
at sun.reflect.DelegatingMethodAccessorImpl.invoke(DelegatingMethodAccessorImpl.java:43)
at java.lang.reflect.Method.invoke(Method.java:498)
at org.testng.internal.MethodInvocationHelper.invokeMethod(MethodInvocationHelper.java:124)
at org.testng.internal.Invoker.invokeMethod(Invoker.java:583)
at org.testng.internal.Invoker.invokeTestMethod(Invoker.java:719)
at org.testng.internal.Invoker.invokeTestMethods(Invoker.java:989)
at org.testng.internal.TestMethodWorker.invokeTestMethods(TestMethodWorker.java:125)
at org.testng.internal.TestMethodWorker.run(TestMethodWorker.java:109)
at org.testng.TestRunner.privateRun(TestRunner.java:648)
at org.testng.TestRunner.run(TestRunner.java:505)
at org.testng.SuiteRunner.runTest(SuiteRunner.java:455)
at org.testng.SuiteRunner.runSequentially(SuiteRunner.java:450)
at org.testng.SuiteRunner.privateRun(SuiteRunner.java:415)
at org.testng.SuiteRunner.run(SuiteRunner.java:364)
at org.testng.SuiteRunnerWorker.runSuite(SuiteRunnerWorker.java:52)
at org.testng.SuiteRunnerWorker.run(SuiteRunnerWorker.java:84)
at org.testng.TestNG.runSuitesSequentially(TestNG.java:1208)
at org.testng.TestNG.runSuitesLocally(TestNG.java:1137)
at org.testng.TestNG.runSuites(TestNG.java:1049)
at org.testng.TestNG.run(TestNG.java:1017)
at org.testng.remote.AbstractRemoteTestNG.run(AbstractRemoteTestNG.java:115)
at org.testng.remote.RemoteTestNG.initAndRun(RemoteTestNG.java:251)
at org.testng.remote.RemoteTestNG.main(RemoteTestNG.java:77)

Failure 2 of 2
java.lang.AssertionError: expected [Account Number must not be blank] but found [Characters are not allowed]
at org.testng.Assert.fail(Assert.java:96)
at org.testng.Assert.failNotEquals(Assert.java:776)
at org.testng.Assert.assertEqualsImpl(Assert.java:137)
at org.testng.Assert.assertEquals(Assert.java:118)
at org.testng.Assert.assertEquals(Assert.java:442)
at commons.AbstractTest.checkEquals(AbstractTest.java:195)
at commons.AbstractTest.verifyEquals(AbstractTest.java:207)
at com.bankguru.account.DeleteAccount.DA_02_verifyAccountNoFieldMustBeNumberic(DeleteAccount.java:72)
at sun.reflect.NativeMethodAccessorImpl.invoke0(Native Method)
at sun.reflect.NativeMethodAccessorImpl.invoke(NativeMethodAccessorImpl.java:62)
at sun.reflect.DelegatingMethodAccessorImpl.invoke(DelegatingMethodAccessorImpl.java:43)
at java.lang.reflect.Method.invoke(Method.java:498)
at org.testng.internal.MethodInvocationHelper.invokeMethod(MethodInvocationHelper.java:124)
at org.testng.internal.Invoker.invokeMethod(Invoker.java:583)
at org.testng.internal.Invoker.invokeTestMethod(Invoker.java:719)
at org.testng.internal.Invoker.invokeTestMethods(Invoker.java:989)
at org.testng.internal.TestMethodWorker.invokeTestMethods(TestMethodWorker.java:125)
at org.testng.internal.TestMethodWorker.run(TestMethodWorker.java:109)
at org.testng.TestRunner.privateRun(TestRunner.java:648)
at org.testng.TestRunner.run(TestRunner.java:505)
at org.testng.SuiteRunner.runTest(SuiteRunner.java:455)
at org.testng.SuiteRunner.runSequentially(SuiteRunner.java:450)
at org.testng.SuiteRunner.privateRun(SuiteRunner.java:415)
at org.testng.SuiteRunner.run(SuiteRunner.java:364)
at org.testng.SuiteRunnerWorker.runSuite(SuiteRunnerWorker.java:52)
at org.testng.SuiteRunnerWorker.run(SuiteRunnerWorker.java:84)
at org.testng.TestNG.runSuitesSequentially(TestNG.java:1208)
at org.testng.TestNG.runSuitesLocally(TestNG.java:1137)
at org.testng.TestNG.runSuites(TestNG.java:1049)
at org.testng.TestNG.run(TestNG.java:1017)
at org.testng.remote.AbstractRemoteTestNG.run(AbstractRemoteTestNG.java:115)
at org.testng.remote.RemoteTestNG.initAndRun(RemoteTestNG.java:251)
at org.testng.remote.RemoteTestNG.main(RemoteTestNG.java:77)
]]>
            </full-stacktrace>
          </exception> <!-- java.lang.Throwable -->
          <reporter-output>
            <line>
              <![CDATA[[INFO ] [2021-12-04 16:49:08,435] AccountNoFieldMustBeNumberic - step 01: Click Delete Account link
<br>]]>
            </line>
            <line>
              <![CDATA[[INFO ] [2021-12-04 16:49:08,862] AccountNoFieldMustBeNumberic - step 02: input to account no textbox
<br>]]>
            </line>
            <line>
              <![CDATA[[INFO ] [2021-12-04 16:49:08,943] AccountNoFieldMustBeNumberic - step 03: Verify message
<br>]]>
            </line>
            <line>
              <![CDATA[[INFO ] [2021-12-04 16:49:08,977]  -------------------------- FAILED -------------------------- 
<br>]]>
            </line>
            <line>
              <![CDATA[[INFO ] [2021-12-04 16:49:08,977] AccountNoFieldMustBeNumberic - step 04: input to account no textbox
<br>]]>
            </line>
            <line>
              <![CDATA[[INFO ] [2021-12-04 16:49:09,038] AccountNoFieldMustBeNumberic - step 05: Verify message
<br>]]>
            </line>
            <line>
              <![CDATA[[INFO ] [2021-12-04 16:49:09,065]  -------------------------- FAILED -------------------------- 
<br>]]>
            </line>
          </reporter-output>
        </test-method> <!-- DA_02_verifyAccountNoFieldMustBeNumberic -->
        <test-method status="PASS" signature="DA_03_verifyAccountNoFieldCannotHaveSpecialCharater()[pri:0, instance:com.bankguru.account.DeleteAccount@1deb2c43]" name="DA_03_verifyAccountNoFieldCannotHaveSpecialCharater" duration-ms="641" started-at="2021-12-04T09:49:09Z" finished-at="2021-12-04T09:49:09Z">
          <reporter-output>
            <line>
              <![CDATA[[INFO ] [2021-12-04 16:49:09,070] AccountNoFieldCannotHaveSpecialCharater - step 01: Click Delete Account link
<br>]]>
            </line>
            <line>
              <![CDATA[[INFO ] [2021-12-04 16:49:09,504] AccountNoFieldCannotHaveSpecialCharater - step 02: input to account no textbox
<br>]]>
            </line>
            <line>
              <![CDATA[[INFO ] [2021-12-04 16:49:09,585] AccountNoFieldCannotHaveSpecialCharater - step 03: Verify message
<br>]]>
            </line>
            <line>
              <![CDATA[[INFO ] [2021-12-04 16:49:09,617]  -------------------------- PASSED -------------------------- 
<br>]]>
            </line>
            <line>
              <![CDATA[[INFO ] [2021-12-04 16:49:09,617] AccountNoFieldCannotHaveSpecialCharater - step 04: input to account no textbox
<br>]]>
            </line>
            <line>
              <![CDATA[[INFO ] [2021-12-04 16:49:09,681] AccountNoFieldCannotHaveSpecialCharater - step 05: Verify message
<br>]]>
            </line>
            <line>
              <![CDATA[[INFO ] [2021-12-04 16:49:09,710]  -------------------------- PASSED -------------------------- 
<br>]]>
            </line>
          </reporter-output>
        </test-method> <!-- DA_03_verifyAccountNoFieldCannotHaveSpecialCharater -->
        <test-method status="PASS" signature="DA_04_verifyAccountNoFieldCannotHaveBlankSpace()[pri:0, instance:com.bankguru.account.DeleteAccount@1deb2c43]" name="DA_04_verifyAccountNoFieldCannotHaveBlankSpace" duration-ms="527" started-at="2021-12-04T09:49:09Z" finished-at="2021-12-04T09:49:10Z">
          <reporter-output>
            <line>
              <![CDATA[[INFO ] [2021-12-04 16:49:09,712] AccountNoFieldCannotHaveBlankSpace - step 01: Click Delete Account link
<br>]]>
            </line>
            <line>
              <![CDATA[[INFO ] [2021-12-04 16:49:10,134] AccountNoFieldCannotHaveBlankSpace - step 02: input to account no textbox
<br>]]>
            </line>
            <line>
              <![CDATA[[INFO ] [2021-12-04 16:49:10,208] AccountNoFieldCannotHaveBlankSpace - step 03: Verify message
<br>]]>
            </line>
            <line>
              <![CDATA[[INFO ] [2021-12-04 16:49:10,238]  -------------------------- PASSED -------------------------- 
<br>]]>
            </line>
          </reporter-output>
        </test-method> <!-- DA_04_verifyAccountNoFieldCannotHaveBlankSpace -->
        <test-method status="FAIL" signature="DA_05_verifyAccountNoFieldFirstCharacerCannotHaveSpace()[pri:0, instance:com.bankguru.account.DeleteAccount@1deb2c43]" name="DA_05_verifyAccountNoFieldFirstCharacerCannotHaveSpace" duration-ms="545" started-at="2021-12-04T09:49:10Z" finished-at="2021-12-04T09:49:10Z">
          <exception class="java.lang.AssertionError">
            <message>
              <![CDATA[expected [First character can not have space] but found [Characters are not allowed]]]>
            </message>
            <full-stacktrace>
              <![CDATA[java.lang.AssertionError: expected [First character can not have space] but found [Characters are not allowed]
at org.testng.Assert.fail(Assert.java:96)
at org.testng.Assert.failNotEquals(Assert.java:776)
at org.testng.Assert.assertEqualsImpl(Assert.java:137)
at org.testng.Assert.assertEquals(Assert.java:118)
at org.testng.Assert.assertEquals(Assert.java:442)
at commons.AbstractTest.checkEquals(AbstractTest.java:195)
at commons.AbstractTest.verifyEquals(AbstractTest.java:207)
at com.bankguru.account.DeleteAccount.DA_05_verifyAccountNoFieldFirstCharacerCannotHaveSpace(DeleteAccount.java:126)
at sun.reflect.NativeMethodAccessorImpl.invoke0(Native Method)
at sun.reflect.NativeMethodAccessorImpl.invoke(NativeMethodAccessorImpl.java:62)
at sun.reflect.DelegatingMethodAccessorImpl.invoke(DelegatingMethodAccessorImpl.java:43)
at java.lang.reflect.Method.invoke(Method.java:498)
at org.testng.internal.MethodInvocationHelper.invokeMethod(MethodInvocationHelper.java:124)
at org.testng.internal.Invoker.invokeMethod(Invoker.java:583)
at org.testng.internal.Invoker.invokeTestMethod(Invoker.java:719)
at org.testng.internal.Invoker.invokeTestMethods(Invoker.java:989)
at org.testng.internal.TestMethodWorker.invokeTestMethods(TestMethodWorker.java:125)
at org.testng.internal.TestMethodWorker.run(TestMethodWorker.java:109)
at org.testng.TestRunner.privateRun(TestRunner.java:648)
at org.testng.TestRunner.run(TestRunner.java:505)
at org.testng.SuiteRunner.runTest(SuiteRunner.java:455)
at org.testng.SuiteRunner.runSequentially(SuiteRunner.java:450)
at org.testng.SuiteRunner.privateRun(SuiteRunner.java:415)
at org.testng.SuiteRunner.run(SuiteRunner.java:364)
at org.testng.SuiteRunnerWorker.runSuite(SuiteRunnerWorker.java:52)
at org.testng.SuiteRunnerWorker.run(SuiteRunnerWorker.java:84)
at org.testng.TestNG.runSuitesSequentially(TestNG.java:1208)
at org.testng.TestNG.runSuitesLocally(TestNG.java:1137)
at org.testng.TestNG.runSuites(TestNG.java:1049)
at org.testng.TestNG.run(TestNG.java:1017)
at org.testng.remote.AbstractRemoteTestNG.run(AbstractRemoteTestNG.java:115)
at org.testng.remote.RemoteTestNG.initAndRun(RemoteTestNG.java:251)
at org.testng.remote.RemoteTestNG.main(RemoteTestNG.java:77)
]]>
            </full-stacktrace>
          </exception> <!-- java.lang.AssertionError -->
          <reporter-output>
            <line>
              <![CDATA[[INFO ] [2021-12-04 16:49:10,241] AccountNoFieldFirstCharacerCannotHaveSpace - step 01: Click Delete Account link
<br>]]>
            </line>
            <line>
              <![CDATA[[INFO ] [2021-12-04 16:49:10,679] AccountNoFieldFirstCharacerCannotHaveSpace - step 02: input to account no textbox
<br>]]>
            </line>
            <line>
              <![CDATA[[INFO ] [2021-12-04 16:49:10,753] AccountNoFieldFirstCharacerCannotHaveSpace - step 03: Verify message
<br>]]>
            </line>
            <line>
              <![CDATA[[INFO ] [2021-12-04 16:49:10,785]  -------------------------- FAILED -------------------------- 
<br>]]>
            </line>
          </reporter-output>
        </test-method> <!-- DA_05_verifyAccountNoFieldFirstCharacerCannotHaveSpace -->
        <test-method status="PASS" signature="afterClass()[pri:0, instance:com.bankguru.account.DeleteAccount@1deb2c43]" name="afterClass" is-config="true" duration-ms="697" started-at="2021-12-04T09:49:10Z" finished-at="2021-12-04T09:49:11Z">
          <reporter-output>
            <line>
              <![CDATA[[INFO ] [2021-12-04 16:49:10,786] OS name = windows 10
<br>]]>
            </line>
            <line>
              <![CDATA[[INFO ] [2021-12-04 16:49:10,786] Driver instance name = windows 10
<br>]]>
            </line>
          </reporter-output>
        </test-method> <!-- afterClass -->
      </class> <!-- com.bankguru.account.DeleteAccount -->
    </test> <!-- Run -->
  </suite> <!-- BANK GURLU -->
</testng-results>
